{"/home/acer/Desktop/backendFinal/task1-web-api-av3nd/app.js": {"path":"/home/acer/Desktop/backendFinal/task1-web-api-av3nd/app.js","statementMap":{"0":{"start":{"line":1,"column":16},"end":{"line":1,"column":34}},"1":{"start":{"line":2,"column":21},"end":{"line":2,"column":50}},"2":{"start":{"line":3,"column":12},"end":{"line":3,"column":21}},"3":{"start":{"line":4,"column":21},"end":{"line":4,"column":45}},"4":{"start":{"line":5,"column":19},"end":{"line":5,"column":41}},"5":{"start":{"line":6,"column":13},"end":{"line":6,"column":28}},"6":{"start":{"line":7,"column":13},"end":{"line":7,"column":28}},"7":{"start":{"line":9,"column":0},"end":{"line":12,"column":4}},"8":{"start":{"line":14,"column":0},"end":{"line":14,"column":24}},"9":{"start":{"line":15,"column":0},"end":{"line":15,"column":24}},"10":{"start":{"line":16,"column":0},"end":{"line":16,"column":63}},"11":{"start":{"line":17,"column":0},"end":{"line":19,"column":3}},"12":{"start":{"line":18,"column":2},"end":{"line":18,"column":27}},"13":{"start":{"line":21,"column":0},"end":{"line":21,"column":66}},"14":{"start":{"line":24,"column":0},"end":{"line":28,"column":1}},"15":{"start":{"line":25,"column":2},"end":{"line":27,"column":5}},"16":{"start":{"line":31,"column":13},"end":{"line":31,"column":41}},"17":{"start":{"line":32,"column":13},"end":{"line":32,"column":41}},"18":{"start":{"line":33,"column":13},"end":{"line":33,"column":41}},"19":{"start":{"line":34,"column":14},"end":{"line":34,"column":43}},"20":{"start":{"line":35,"column":16},"end":{"line":35,"column":47}},"21":{"start":{"line":36,"column":14},"end":{"line":36,"column":43}},"22":{"start":{"line":38,"column":17},"end":{"line":38,"column":49}},"23":{"start":{"line":40,"column":0},"end":{"line":40,"column":30}},"24":{"start":{"line":41,"column":0},"end":{"line":41,"column":32}},"25":{"start":{"line":42,"column":0},"end":{"line":42,"column":30}},"26":{"start":{"line":43,"column":0},"end":{"line":43,"column":30}},"27":{"start":{"line":44,"column":0},"end":{"line":44,"column":32}},"28":{"start":{"line":45,"column":0},"end":{"line":45,"column":36}},"29":{"start":{"line":46,"column":0},"end":{"line":46,"column":38}},"30":{"start":{"line":49,"column":0},"end":{"line":49,"column":22}},"31":{"start":{"line":51,"column":0},"end":{"line":51,"column":21}}},"fnMap":{"0":{"name":"(anonymous_0)","decl":{"start":{"line":17,"column":17},"end":{"line":17,"column":18}},"loc":{"start":{"line":17,"column":31},"end":{"line":19,"column":1}},"line":17}},"branchMap":{"0":{"loc":{"start":{"line":24,"column":0},"end":{"line":28,"column":1}},"type":"if","locations":[{"start":{"line":24,"column":0},"end":{"line":28,"column":1}},{"start":{},"end":{}}],"line":24}},"s":{"0":3,"1":3,"2":3,"3":3,"4":3,"5":3,"6":3,"7":3,"8":3,"9":3,"10":3,"11":3,"12":0,"13":3,"14":3,"15":3,"16":3,"17":3,"18":3,"19":3,"20":3,"21":3,"22":3,"23":3,"24":3,"25":3,"26":3,"27":3,"28":3,"29":3,"30":3,"31":3},"f":{"0":0},"b":{"0":[3,0]},"_coverageSchema":"1a1c01bbd47fc00a2c39e90264f33305004495a9","hash":"106e4044045bd22ad1eccdfbcd10448bd93091ec"}
,"/home/acer/Desktop/backendFinal/task1-web-api-av3nd/multer.js": {"path":"/home/acer/Desktop/backendFinal/task1-web-api-av3nd/multer.js","statementMap":{"0":{"start":{"line":1,"column":15},"end":{"line":1,"column":32}},"1":{"start":{"line":2,"column":13},"end":{"line":2,"column":28}},"2":{"start":{"line":4,"column":16},"end":{"line":13,"column":2}},"3":{"start":{"line":6,"column":8},"end":{"line":6,"column":52}},"4":{"start":{"line":9,"column":29},"end":{"line":9,"column":79}},"5":{"start":{"line":10,"column":25},"end":{"line":10,"column":56}},"6":{"start":{"line":11,"column":8},"end":{"line":11,"column":56}},"7":{"start":{"line":15,"column":0},"end":{"line":15,"column":44}}},"fnMap":{"0":{"name":"(anonymous_0)","decl":{"start":{"line":5,"column":17},"end":{"line":5,"column":18}},"loc":{"start":{"line":5,"column":38},"end":{"line":7,"column":5}},"line":5},"1":{"name":"(anonymous_1)","decl":{"start":{"line":8,"column":14},"end":{"line":8,"column":15}},"loc":{"start":{"line":8,"column":37},"end":{"line":12,"column":5}},"line":8}},"branchMap":{},"s":{"0":3,"1":3,"2":3,"3":0,"4":0,"5":0,"6":0,"7":3},"f":{"0":0,"1":0},"b":{},"_coverageSchema":"1a1c01bbd47fc00a2c39e90264f33305004495a9","hash":"183bfd5d5684c33bac744fc15c16615f79d7ca74"}
,"/home/acer/Desktop/backendFinal/task1-web-api-av3nd/controller/event.js": {"path":"/home/acer/Desktop/backendFinal/task1-web-api-av3nd/controller/event.js","statementMap":{"0":{"start":{"line":1,"column":16},"end":{"line":1,"column":34}},"1":{"start":{"line":2,"column":25},"end":{"line":2,"column":66}},"2":{"start":{"line":3,"column":19},"end":{"line":3,"column":39}},"3":{"start":{"line":4,"column":13},"end":{"line":4,"column":37}},"4":{"start":{"line":5,"column":14},"end":{"line":5,"column":39}},"5":{"start":{"line":6,"column":21},"end":{"line":6,"column":53}},"6":{"start":{"line":7,"column":47},"end":{"line":7,"column":76}},"7":{"start":{"line":8,"column":15},"end":{"line":8,"column":31}},"8":{"start":{"line":9,"column":11},"end":{"line":9,"column":24}},"9":{"start":{"line":12,"column":0},"end":{"line":40,"column":2}},"10":{"start":{"line":16,"column":4},"end":{"line":38,"column":5}},"11":{"start":{"line":17,"column":21},"end":{"line":17,"column":36}},"12":{"start":{"line":18,"column":19},"end":{"line":18,"column":46}},"13":{"start":{"line":19,"column":6},"end":{"line":35,"column":7}},"14":{"start":{"line":20,"column":8},"end":{"line":20,"column":66}},"15":{"start":{"line":22,"column":22},"end":{"line":22,"column":31}},"16":{"start":{"line":23,"column":26},"end":{"line":23,"column":65}},"17":{"start":{"line":23,"column":46},"end":{"line":23,"column":64}},"18":{"start":{"line":25,"column":26},"end":{"line":25,"column":34}},"19":{"start":{"line":26,"column":8},"end":{"line":26,"column":37}},"20":{"start":{"line":27,"column":8},"end":{"line":27,"column":30}},"21":{"start":{"line":29,"column":24},"end":{"line":29,"column":53}},"22":{"start":{"line":31,"column":8},"end":{"line":34,"column":11}},"23":{"start":{"line":37,"column":6},"end":{"line":37,"column":48}},"24":{"start":{"line":43,"column":0},"end":{"line":53,"column":3}},"25":{"start":{"line":44,"column":2},"end":{"line":52,"column":3}},"26":{"start":{"line":45,"column":19},"end":{"line":45,"column":37}},"27":{"start":{"line":46,"column":4},"end":{"line":49,"column":7}},"28":{"start":{"line":51,"column":4},"end":{"line":51,"column":46}},"29":{"start":{"line":56,"column":0},"end":{"line":70,"column":2}},"30":{"start":{"line":59,"column":4},"end":{"line":68,"column":5}},"31":{"start":{"line":60,"column":21},"end":{"line":60,"column":64}},"32":{"start":{"line":62,"column":6},"end":{"line":65,"column":9}},"33":{"start":{"line":67,"column":6},"end":{"line":67,"column":48}},"34":{"start":{"line":73,"column":0},"end":{"line":106,"column":2}},"35":{"start":{"line":76,"column":4},"end":{"line":104,"column":5}},"36":{"start":{"line":77,"column":24},"end":{"line":77,"column":37}},"37":{"start":{"line":79,"column":24},"end":{"line":79,"column":55}},"38":{"start":{"line":81,"column":6},"end":{"line":90,"column":9}},"39":{"start":{"line":82,"column":25},"end":{"line":82,"column":33}},"40":{"start":{"line":83,"column":25},"end":{"line":83,"column":46}},"41":{"start":{"line":85,"column":8},"end":{"line":89,"column":11}},"42":{"start":{"line":86,"column":10},"end":{"line":88,"column":11}},"43":{"start":{"line":87,"column":12},"end":{"line":87,"column":29}},"44":{"start":{"line":92,"column":20},"end":{"line":92,"column":60}},"45":{"start":{"line":94,"column":6},"end":{"line":96,"column":7}},"46":{"start":{"line":95,"column":8},"end":{"line":95,"column":76}},"47":{"start":{"line":98,"column":6},"end":{"line":101,"column":9}},"48":{"start":{"line":103,"column":6},"end":{"line":103,"column":48}},"49":{"start":{"line":109,"column":0},"end":{"line":126,"column":2}},"50":{"start":{"line":114,"column":4},"end":{"line":124,"column":5}},"51":{"start":{"line":115,"column":21},"end":{"line":117,"column":8}},"52":{"start":{"line":118,"column":6},"end":{"line":121,"column":9}},"53":{"start":{"line":123,"column":6},"end":{"line":123,"column":56}},"54":{"start":{"line":128,"column":0},"end":{"line":128,"column":24}}},"fnMap":{"0":{"name":"(anonymous_0)","decl":{"start":{"line":15,"column":19},"end":{"line":15,"column":20}},"loc":{"start":{"line":15,"column":45},"end":{"line":39,"column":3}},"line":15},"1":{"name":"(anonymous_1)","decl":{"start":{"line":23,"column":36},"end":{"line":23,"column":37}},"loc":{"start":{"line":23,"column":46},"end":{"line":23,"column":64}},"line":23},"2":{"name":"(anonymous_2)","decl":{"start":{"line":43,"column":30},"end":{"line":43,"column":31}},"loc":{"start":{"line":43,"column":56},"end":{"line":53,"column":1}},"line":43},"3":{"name":"(anonymous_3)","decl":{"start":{"line":58,"column":19},"end":{"line":58,"column":20}},"loc":{"start":{"line":58,"column":45},"end":{"line":69,"column":3}},"line":58},"4":{"name":"(anonymous_4)","decl":{"start":{"line":75,"column":19},"end":{"line":75,"column":20}},"loc":{"start":{"line":75,"column":45},"end":{"line":105,"column":3}},"line":75},"5":{"name":"(anonymous_5)","decl":{"start":{"line":81,"column":31},"end":{"line":81,"column":32}},"loc":{"start":{"line":81,"column":45},"end":{"line":90,"column":7}},"line":81},"6":{"name":"(anonymous_6)","decl":{"start":{"line":85,"column":28},"end":{"line":85,"column":29}},"loc":{"start":{"line":85,"column":37},"end":{"line":89,"column":9}},"line":85},"7":{"name":"(anonymous_7)","decl":{"start":{"line":113,"column":19},"end":{"line":113,"column":20}},"loc":{"start":{"line":113,"column":45},"end":{"line":125,"column":3}},"line":113}},"branchMap":{"0":{"loc":{"start":{"line":19,"column":6},"end":{"line":35,"column":7}},"type":"if","locations":[{"start":{"line":19,"column":6},"end":{"line":35,"column":7}},{"start":{"line":21,"column":13},"end":{"line":35,"column":7}}],"line":19},"1":{"loc":{"start":{"line":86,"column":10},"end":{"line":88,"column":11}},"type":"if","locations":[{"start":{"line":86,"column":10},"end":{"line":88,"column":11}},{"start":{},"end":{}}],"line":86},"2":{"loc":{"start":{"line":94,"column":6},"end":{"line":96,"column":7}},"type":"if","locations":[{"start":{"line":94,"column":6},"end":{"line":96,"column":7}},{"start":{},"end":{}}],"line":94}},"s":{"0":3,"1":3,"2":3,"3":3,"4":3,"5":3,"6":3,"7":3,"8":3,"9":3,"10":0,"11":0,"12":0,"13":0,"14":0,"15":0,"16":0,"17":0,"18":0,"19":0,"20":0,"21":0,"22":0,"23":0,"24":3,"25":0,"26":0,"27":0,"28":0,"29":3,"30":0,"31":0,"32":0,"33":0,"34":3,"35":0,"36":0,"37":0,"38":0,"39":0,"40":0,"41":0,"42":0,"43":0,"44":0,"45":0,"46":0,"47":0,"48":0,"49":3,"50":0,"51":0,"52":0,"53":0,"54":3},"f":{"0":0,"1":0,"2":0,"3":0,"4":0,"5":0,"6":0,"7":0},"b":{"0":[0,0],"1":[0,0],"2":[0,0]},"_coverageSchema":"1a1c01bbd47fc00a2c39e90264f33305004495a9","hash":"47a19884bde85313f3a0d1a8b223f307c62ecf48"}
,"/home/acer/Desktop/backendFinal/task1-web-api-av3nd/controller/food.js": {"path":"/home/acer/Desktop/backendFinal/task1-web-api-av3nd/controller/food.js","statementMap":{"0":{"start":{"line":1,"column":16},"end":{"line":1,"column":34}},"1":{"start":{"line":2,"column":47},"end":{"line":2,"column":76}},"2":{"start":{"line":3,"column":25},"end":{"line":3,"column":66}},"3":{"start":{"line":4,"column":15},"end":{"line":4,"column":31}},"4":{"start":{"line":5,"column":13},"end":{"line":5,"column":37}},"5":{"start":{"line":6,"column":14},"end":{"line":6,"column":39}},"6":{"start":{"line":7,"column":13},"end":{"line":7,"column":37}},"7":{"start":{"line":8,"column":19},"end":{"line":8,"column":39}},"8":{"start":{"line":9,"column":21},"end":{"line":9,"column":53}},"9":{"start":{"line":10,"column":11},"end":{"line":10,"column":24}},"10":{"start":{"line":13,"column":0},"end":{"line":41,"column":2}},"11":{"start":{"line":17,"column":4},"end":{"line":39,"column":5}},"12":{"start":{"line":18,"column":21},"end":{"line":18,"column":36}},"13":{"start":{"line":19,"column":19},"end":{"line":19,"column":46}},"14":{"start":{"line":20,"column":6},"end":{"line":36,"column":7}},"15":{"start":{"line":21,"column":8},"end":{"line":21,"column":66}},"16":{"start":{"line":23,"column":22},"end":{"line":23,"column":31}},"17":{"start":{"line":24,"column":26},"end":{"line":24,"column":65}},"18":{"start":{"line":24,"column":46},"end":{"line":24,"column":64}},"19":{"start":{"line":26,"column":25},"end":{"line":26,"column":33}},"20":{"start":{"line":27,"column":8},"end":{"line":27,"column":36}},"21":{"start":{"line":28,"column":8},"end":{"line":28,"column":29}},"22":{"start":{"line":30,"column":21},"end":{"line":30,"column":48}},"23":{"start":{"line":32,"column":8},"end":{"line":35,"column":11}},"24":{"start":{"line":38,"column":6},"end":{"line":38,"column":48}},"25":{"start":{"line":44,"column":0},"end":{"line":58,"column":2}},"26":{"start":{"line":47,"column":4},"end":{"line":56,"column":5}},"27":{"start":{"line":48,"column":20},"end":{"line":48,"column":62}},"28":{"start":{"line":50,"column":6},"end":{"line":53,"column":9}},"29":{"start":{"line":55,"column":6},"end":{"line":55,"column":48}},"30":{"start":{"line":61,"column":0},"end":{"line":95,"column":2}},"31":{"start":{"line":65,"column":4},"end":{"line":93,"column":5}},"32":{"start":{"line":66,"column":21},"end":{"line":66,"column":34}},"33":{"start":{"line":68,"column":23},"end":{"line":68,"column":50}},"34":{"start":{"line":70,"column":6},"end":{"line":79,"column":9}},"35":{"start":{"line":71,"column":25},"end":{"line":71,"column":33}},"36":{"start":{"line":72,"column":25},"end":{"line":72,"column":46}},"37":{"start":{"line":74,"column":8},"end":{"line":78,"column":11}},"38":{"start":{"line":75,"column":10},"end":{"line":77,"column":11}},"39":{"start":{"line":76,"column":12},"end":{"line":76,"column":29}},"40":{"start":{"line":81,"column":19},"end":{"line":81,"column":55}},"41":{"start":{"line":83,"column":6},"end":{"line":85,"column":7}},"42":{"start":{"line":84,"column":8},"end":{"line":84,"column":75}},"43":{"start":{"line":87,"column":6},"end":{"line":90,"column":9}},"44":{"start":{"line":92,"column":6},"end":{"line":92,"column":48}},"45":{"start":{"line":98,"column":0},"end":{"line":112,"column":2}},"46":{"start":{"line":101,"column":4},"end":{"line":110,"column":5}},"47":{"start":{"line":102,"column":20},"end":{"line":102,"column":61}},"48":{"start":{"line":104,"column":6},"end":{"line":107,"column":9}},"49":{"start":{"line":109,"column":6},"end":{"line":109,"column":48}},"50":{"start":{"line":115,"column":0},"end":{"line":169,"column":2}},"51":{"start":{"line":119,"column":4},"end":{"line":167,"column":5}},"52":{"start":{"line":120,"column":57},"end":{"line":120,"column":65}},"53":{"start":{"line":122,"column":19},"end":{"line":122,"column":46}},"54":{"start":{"line":124,"column":21},"end":{"line":129,"column":7}},"55":{"start":{"line":131,"column":25},"end":{"line":133,"column":7}},"56":{"start":{"line":132,"column":17},"end":{"line":132,"column":46}},"57":{"start":{"line":135,"column":6},"end":{"line":143,"column":7}},"58":{"start":{"line":136,"column":8},"end":{"line":140,"column":11}},"59":{"start":{"line":137,"column":10},"end":{"line":139,"column":11}},"60":{"start":{"line":138,"column":12},"end":{"line":138,"column":78}},"61":{"start":{"line":142,"column":8},"end":{"line":142,"column":34}},"62":{"start":{"line":145,"column":16},"end":{"line":145,"column":17}},"63":{"start":{"line":147,"column":6},"end":{"line":149,"column":9}},"64":{"start":{"line":148,"column":8},"end":{"line":148,"column":26}},"65":{"start":{"line":151,"column":6},"end":{"line":151,"column":47}},"66":{"start":{"line":153,"column":6},"end":{"line":153,"column":53}},"67":{"start":{"line":155,"column":6},"end":{"line":159,"column":8}},"68":{"start":{"line":161,"column":6},"end":{"line":164,"column":9}},"69":{"start":{"line":166,"column":6},"end":{"line":166,"column":48}},"70":{"start":{"line":172,"column":0},"end":{"line":189,"column":2}},"71":{"start":{"line":177,"column":4},"end":{"line":187,"column":5}},"72":{"start":{"line":178,"column":20},"end":{"line":180,"column":8}},"73":{"start":{"line":181,"column":6},"end":{"line":184,"column":9}},"74":{"start":{"line":186,"column":6},"end":{"line":186,"column":56}},"75":{"start":{"line":190,"column":0},"end":{"line":190,"column":24}}},"fnMap":{"0":{"name":"(anonymous_0)","decl":{"start":{"line":16,"column":19},"end":{"line":16,"column":20}},"loc":{"start":{"line":16,"column":45},"end":{"line":40,"column":3}},"line":16},"1":{"name":"(anonymous_1)","decl":{"start":{"line":24,"column":36},"end":{"line":24,"column":37}},"loc":{"start":{"line":24,"column":46},"end":{"line":24,"column":64}},"line":24},"2":{"name":"(anonymous_2)","decl":{"start":{"line":46,"column":19},"end":{"line":46,"column":20}},"loc":{"start":{"line":46,"column":45},"end":{"line":57,"column":3}},"line":46},"3":{"name":"(anonymous_3)","decl":{"start":{"line":64,"column":19},"end":{"line":64,"column":20}},"loc":{"start":{"line":64,"column":45},"end":{"line":94,"column":3}},"line":64},"4":{"name":"(anonymous_4)","decl":{"start":{"line":70,"column":30},"end":{"line":70,"column":31}},"loc":{"start":{"line":70,"column":44},"end":{"line":79,"column":7}},"line":70},"5":{"name":"(anonymous_5)","decl":{"start":{"line":74,"column":28},"end":{"line":74,"column":29}},"loc":{"start":{"line":74,"column":37},"end":{"line":78,"column":9}},"line":74},"6":{"name":"(anonymous_6)","decl":{"start":{"line":100,"column":19},"end":{"line":100,"column":20}},"loc":{"start":{"line":100,"column":45},"end":{"line":111,"column":3}},"line":100},"7":{"name":"(anonymous_7)","decl":{"start":{"line":118,"column":19},"end":{"line":118,"column":20}},"loc":{"start":{"line":118,"column":45},"end":{"line":168,"column":3}},"line":118},"8":{"name":"(anonymous_8)","decl":{"start":{"line":132,"column":8},"end":{"line":132,"column":9}},"loc":{"start":{"line":132,"column":17},"end":{"line":132,"column":46}},"line":132},"9":{"name":"(anonymous_9)","decl":{"start":{"line":136,"column":29},"end":{"line":136,"column":30}},"loc":{"start":{"line":136,"column":38},"end":{"line":140,"column":9}},"line":136},"10":{"name":"(anonymous_10)","decl":{"start":{"line":147,"column":27},"end":{"line":147,"column":28}},"loc":{"start":{"line":147,"column":36},"end":{"line":149,"column":7}},"line":147},"11":{"name":"(anonymous_11)","decl":{"start":{"line":176,"column":19},"end":{"line":176,"column":20}},"loc":{"start":{"line":176,"column":45},"end":{"line":188,"column":3}},"line":176}},"branchMap":{"0":{"loc":{"start":{"line":20,"column":6},"end":{"line":36,"column":7}},"type":"if","locations":[{"start":{"line":20,"column":6},"end":{"line":36,"column":7}},{"start":{"line":22,"column":13},"end":{"line":36,"column":7}}],"line":20},"1":{"loc":{"start":{"line":75,"column":10},"end":{"line":77,"column":11}},"type":"if","locations":[{"start":{"line":75,"column":10},"end":{"line":77,"column":11}},{"start":{},"end":{}}],"line":75},"2":{"loc":{"start":{"line":83,"column":6},"end":{"line":85,"column":7}},"type":"if","locations":[{"start":{"line":83,"column":6},"end":{"line":85,"column":7}},{"start":{},"end":{}}],"line":83},"3":{"loc":{"start":{"line":135,"column":6},"end":{"line":143,"column":7}},"type":"if","locations":[{"start":{"line":135,"column":6},"end":{"line":143,"column":7}},{"start":{"line":141,"column":13},"end":{"line":143,"column":7}}],"line":135},"4":{"loc":{"start":{"line":137,"column":10},"end":{"line":139,"column":11}},"type":"if","locations":[{"start":{"line":137,"column":10},"end":{"line":139,"column":11}},{"start":{},"end":{}}],"line":137}},"s":{"0":3,"1":3,"2":3,"3":3,"4":3,"5":3,"6":3,"7":3,"8":3,"9":3,"10":3,"11":0,"12":0,"13":0,"14":0,"15":0,"16":0,"17":0,"18":0,"19":0,"20":0,"21":0,"22":0,"23":0,"24":0,"25":3,"26":0,"27":0,"28":0,"29":0,"30":3,"31":0,"32":0,"33":0,"34":0,"35":0,"36":0,"37":0,"38":0,"39":0,"40":0,"41":0,"42":0,"43":0,"44":0,"45":3,"46":0,"47":0,"48":0,"49":0,"50":3,"51":0,"52":0,"53":0,"54":0,"55":0,"56":0,"57":0,"58":0,"59":0,"60":0,"61":0,"62":0,"63":0,"64":0,"65":0,"66":0,"67":0,"68":0,"69":0,"70":3,"71":0,"72":0,"73":0,"74":0,"75":3},"f":{"0":0,"1":0,"2":0,"3":0,"4":0,"5":0,"6":0,"7":0,"8":0,"9":0,"10":0,"11":0},"b":{"0":[0,0],"1":[0,0],"2":[0,0],"3":[0,0],"4":[0,0]},"_coverageSchema":"1a1c01bbd47fc00a2c39e90264f33305004495a9","hash":"3d247d20cf899d2102de999221401911916f4679"}
,"/home/acer/Desktop/backendFinal/task1-web-api-av3nd/controller/order.js": {"path":"/home/acer/Desktop/backendFinal/task1-web-api-av3nd/controller/order.js","statementMap":{"0":{"start":{"line":1,"column":16},"end":{"line":1,"column":34}},"1":{"start":{"line":2,"column":15},"end":{"line":2,"column":31}},"2":{"start":{"line":3,"column":21},"end":{"line":3,"column":53}},"3":{"start":{"line":4,"column":25},"end":{"line":4,"column":66}},"4":{"start":{"line":5,"column":47},"end":{"line":5,"column":76}},"5":{"start":{"line":6,"column":14},"end":{"line":6,"column":39}},"6":{"start":{"line":7,"column":13},"end":{"line":7,"column":37}},"7":{"start":{"line":8,"column":13},"end":{"line":8,"column":37}},"8":{"start":{"line":11,"column":0},"end":{"line":50,"column":2}},"9":{"start":{"line":14,"column":4},"end":{"line":48,"column":5}},"10":{"start":{"line":15,"column":71},"end":{"line":15,"column":79}},"11":{"start":{"line":18,"column":27},"end":{"line":18,"column":36}},"12":{"start":{"line":20,"column":6},"end":{"line":26,"column":7}},"13":{"start":{"line":21,"column":23},"end":{"line":21,"column":34}},"14":{"start":{"line":22,"column":8},"end":{"line":24,"column":9}},"15":{"start":{"line":23,"column":10},"end":{"line":23,"column":39}},"16":{"start":{"line":25,"column":8},"end":{"line":25,"column":44}},"17":{"start":{"line":29,"column":21},"end":{"line":29,"column":23}},"18":{"start":{"line":31,"column":6},"end":{"line":40,"column":7}},"19":{"start":{"line":32,"column":22},"end":{"line":38,"column":10}},"20":{"start":{"line":39,"column":8},"end":{"line":39,"column":27}},"21":{"start":{"line":42,"column":6},"end":{"line":45,"column":9}},"22":{"start":{"line":47,"column":6},"end":{"line":47,"column":56}},"23":{"start":{"line":53,"column":0},"end":{"line":69,"column":2}},"24":{"start":{"line":56,"column":4},"end":{"line":67,"column":5}},"25":{"start":{"line":57,"column":21},"end":{"line":59,"column":8}},"26":{"start":{"line":61,"column":6},"end":{"line":64,"column":9}},"27":{"start":{"line":66,"column":6},"end":{"line":66,"column":56}},"28":{"start":{"line":72,"column":0},"end":{"line":90,"column":2}},"29":{"start":{"line":75,"column":4},"end":{"line":88,"column":5}},"30":{"start":{"line":76,"column":21},"end":{"line":80,"column":8}},"31":{"start":{"line":82,"column":6},"end":{"line":85,"column":9}},"32":{"start":{"line":87,"column":6},"end":{"line":87,"column":56}},"33":{"start":{"line":93,"column":0},"end":{"line":145,"column":2}},"34":{"start":{"line":97,"column":4},"end":{"line":143,"column":5}},"35":{"start":{"line":98,"column":20},"end":{"line":98,"column":55}},"36":{"start":{"line":100,"column":6},"end":{"line":102,"column":7}},"37":{"start":{"line":101,"column":8},"end":{"line":101,"column":75}},"38":{"start":{"line":103,"column":6},"end":{"line":107,"column":7}},"39":{"start":{"line":104,"column":8},"end":{"line":106,"column":11}},"40":{"start":{"line":105,"column":10},"end":{"line":105,"column":42}},"41":{"start":{"line":109,"column":6},"end":{"line":109,"column":37}},"42":{"start":{"line":111,"column":6},"end":{"line":116,"column":7}},"43":{"start":{"line":112,"column":8},"end":{"line":112,"column":39}},"44":{"start":{"line":113,"column":8},"end":{"line":113,"column":47}},"45":{"start":{"line":114,"column":30},"end":{"line":114,"column":52}},"46":{"start":{"line":115,"column":8},"end":{"line":115,"column":65}},"47":{"start":{"line":118,"column":6},"end":{"line":118,"column":54}},"48":{"start":{"line":120,"column":6},"end":{"line":123,"column":9}},"49":{"start":{"line":126,"column":21},"end":{"line":126,"column":44}},"50":{"start":{"line":128,"column":8},"end":{"line":128,"column":26}},"51":{"start":{"line":129,"column":8},"end":{"line":129,"column":29}},"52":{"start":{"line":131,"column":8},"end":{"line":131,"column":55}},"53":{"start":{"line":135,"column":23},"end":{"line":135,"column":57}},"54":{"start":{"line":137,"column":8},"end":{"line":137,"column":41}},"55":{"start":{"line":139,"column":8},"end":{"line":139,"column":28}},"56":{"start":{"line":142,"column":6},"end":{"line":142,"column":56}},"57":{"start":{"line":148,"column":0},"end":{"line":171,"column":2}},"58":{"start":{"line":151,"column":4},"end":{"line":169,"column":5}},"59":{"start":{"line":152,"column":20},"end":{"line":152,"column":55}},"60":{"start":{"line":154,"column":6},"end":{"line":156,"column":7}},"61":{"start":{"line":155,"column":8},"end":{"line":155,"column":75}},"62":{"start":{"line":158,"column":6},"end":{"line":158,"column":37}},"63":{"start":{"line":160,"column":6},"end":{"line":160,"column":54}},"64":{"start":{"line":162,"column":6},"end":{"line":166,"column":9}},"65":{"start":{"line":168,"column":6},"end":{"line":168,"column":56}},"66":{"start":{"line":174,"column":0},"end":{"line":212,"column":2}},"67":{"start":{"line":178,"column":4},"end":{"line":210,"column":5}},"68":{"start":{"line":179,"column":20},"end":{"line":179,"column":55}},"69":{"start":{"line":181,"column":6},"end":{"line":183,"column":7}},"70":{"start":{"line":182,"column":8},"end":{"line":182,"column":75}},"71":{"start":{"line":185,"column":6},"end":{"line":185,"column":37}},"72":{"start":{"line":187,"column":6},"end":{"line":187,"column":25}},"73":{"start":{"line":189,"column":6},"end":{"line":192,"column":9}},"74":{"start":{"line":194,"column":6},"end":{"line":198,"column":7}},"75":{"start":{"line":195,"column":8},"end":{"line":197,"column":11}},"76":{"start":{"line":196,"column":10},"end":{"line":196,"column":42}},"77":{"start":{"line":201,"column":21},"end":{"line":201,"column":44}},"78":{"start":{"line":203,"column":8},"end":{"line":203,"column":26}},"79":{"start":{"line":204,"column":8},"end":{"line":204,"column":29}},"80":{"start":{"line":206,"column":8},"end":{"line":206,"column":55}},"81":{"start":{"line":209,"column":6},"end":{"line":209,"column":56}},"82":{"start":{"line":215,"column":0},"end":{"line":233,"column":2}},"83":{"start":{"line":220,"column":4},"end":{"line":231,"column":5}},"84":{"start":{"line":221,"column":21},"end":{"line":224,"column":8}},"85":{"start":{"line":225,"column":6},"end":{"line":228,"column":9}},"86":{"start":{"line":230,"column":6},"end":{"line":230,"column":56}},"87":{"start":{"line":235,"column":0},"end":{"line":235,"column":24}}},"fnMap":{"0":{"name":"(anonymous_0)","decl":{"start":{"line":13,"column":19},"end":{"line":13,"column":20}},"loc":{"start":{"line":13,"column":45},"end":{"line":49,"column":3}},"line":13},"1":{"name":"(anonymous_1)","decl":{"start":{"line":55,"column":19},"end":{"line":55,"column":20}},"loc":{"start":{"line":55,"column":45},"end":{"line":68,"column":3}},"line":55},"2":{"name":"(anonymous_2)","decl":{"start":{"line":74,"column":19},"end":{"line":74,"column":20}},"loc":{"start":{"line":74,"column":45},"end":{"line":89,"column":3}},"line":74},"3":{"name":"(anonymous_3)","decl":{"start":{"line":96,"column":19},"end":{"line":96,"column":20}},"loc":{"start":{"line":96,"column":45},"end":{"line":144,"column":3}},"line":96},"4":{"name":"(anonymous_4)","decl":{"start":{"line":104,"column":27},"end":{"line":104,"column":28}},"loc":{"start":{"line":104,"column":40},"end":{"line":106,"column":9}},"line":104},"5":{"name":"updateOrder","decl":{"start":{"line":125,"column":21},"end":{"line":125,"column":32}},"loc":{"start":{"line":125,"column":42},"end":{"line":132,"column":7}},"line":125},"6":{"name":"updateSellerInfo","decl":{"start":{"line":134,"column":21},"end":{"line":134,"column":37}},"loc":{"start":{"line":134,"column":46},"end":{"line":140,"column":7}},"line":134},"7":{"name":"(anonymous_7)","decl":{"start":{"line":150,"column":19},"end":{"line":150,"column":20}},"loc":{"start":{"line":150,"column":45},"end":{"line":170,"column":3}},"line":150},"8":{"name":"(anonymous_8)","decl":{"start":{"line":177,"column":19},"end":{"line":177,"column":20}},"loc":{"start":{"line":177,"column":45},"end":{"line":211,"column":3}},"line":177},"9":{"name":"(anonymous_9)","decl":{"start":{"line":195,"column":27},"end":{"line":195,"column":28}},"loc":{"start":{"line":195,"column":40},"end":{"line":197,"column":9}},"line":195},"10":{"name":"updateOrder","decl":{"start":{"line":200,"column":21},"end":{"line":200,"column":32}},"loc":{"start":{"line":200,"column":42},"end":{"line":207,"column":7}},"line":200},"11":{"name":"(anonymous_11)","decl":{"start":{"line":219,"column":19},"end":{"line":219,"column":20}},"loc":{"start":{"line":219,"column":45},"end":{"line":232,"column":3}},"line":219}},"branchMap":{"0":{"loc":{"start":{"line":22,"column":8},"end":{"line":24,"column":9}},"type":"if","locations":[{"start":{"line":22,"column":8},"end":{"line":24,"column":9}},{"start":{},"end":{}}],"line":22},"1":{"loc":{"start":{"line":100,"column":6},"end":{"line":102,"column":7}},"type":"if","locations":[{"start":{"line":100,"column":6},"end":{"line":102,"column":7}},{"start":{},"end":{}}],"line":100},"2":{"loc":{"start":{"line":103,"column":6},"end":{"line":107,"column":7}},"type":"if","locations":[{"start":{"line":103,"column":6},"end":{"line":107,"column":7}},{"start":{},"end":{}}],"line":103},"3":{"loc":{"start":{"line":111,"column":6},"end":{"line":116,"column":7}},"type":"if","locations":[{"start":{"line":111,"column":6},"end":{"line":116,"column":7}},{"start":{},"end":{}}],"line":111},"4":{"loc":{"start":{"line":154,"column":6},"end":{"line":156,"column":7}},"type":"if","locations":[{"start":{"line":154,"column":6},"end":{"line":156,"column":7}},{"start":{},"end":{}}],"line":154},"5":{"loc":{"start":{"line":181,"column":6},"end":{"line":183,"column":7}},"type":"if","locations":[{"start":{"line":181,"column":6},"end":{"line":183,"column":7}},{"start":{},"end":{}}],"line":181},"6":{"loc":{"start":{"line":194,"column":6},"end":{"line":198,"column":7}},"type":"if","locations":[{"start":{"line":194,"column":6},"end":{"line":198,"column":7}},{"start":{},"end":{}}],"line":194}},"s":{"0":3,"1":3,"2":3,"3":3,"4":3,"5":3,"6":3,"7":3,"8":3,"9":0,"10":0,"11":0,"12":0,"13":0,"14":0,"15":0,"16":0,"17":0,"18":0,"19":0,"20":0,"21":0,"22":0,"23":3,"24":0,"25":0,"26":0,"27":0,"28":3,"29":0,"30":0,"31":0,"32":0,"33":3,"34":0,"35":0,"36":0,"37":0,"38":0,"39":0,"40":0,"41":0,"42":0,"43":0,"44":0,"45":0,"46":0,"47":0,"48":0,"49":0,"50":0,"51":0,"52":0,"53":0,"54":0,"55":0,"56":0,"57":3,"58":0,"59":0,"60":0,"61":0,"62":0,"63":0,"64":0,"65":0,"66":3,"67":0,"68":0,"69":0,"70":0,"71":0,"72":0,"73":0,"74":0,"75":0,"76":0,"77":0,"78":0,"79":0,"80":0,"81":0,"82":3,"83":0,"84":0,"85":0,"86":0,"87":3},"f":{"0":0,"1":0,"2":0,"3":0,"4":0,"5":0,"6":0,"7":0,"8":0,"9":0,"10":0,"11":0},"b":{"0":[0,0],"1":[0,0],"2":[0,0],"3":[0,0],"4":[0,0],"5":[0,0],"6":[0,0]},"_coverageSchema":"1a1c01bbd47fc00a2c39e90264f33305004495a9","hash":"8c05bb519e6dc485eaed2042f76e498418f8304c"}
,"/home/acer/Desktop/backendFinal/task1-web-api-av3nd/controller/payment.js": {"path":"/home/acer/Desktop/backendFinal/task1-web-api-av3nd/controller/payment.js","statementMap":{"0":{"start":{"line":1,"column":16},"end":{"line":1,"column":34}},"1":{"start":{"line":2,"column":15},"end":{"line":2,"column":31}},"2":{"start":{"line":3,"column":25},"end":{"line":3,"column":66}},"3":{"start":{"line":5,"column":15},"end":{"line":5,"column":63}},"4":{"start":{"line":7,"column":0},"end":{"line":22,"column":2}},"5":{"start":{"line":10,"column":22},"end":{"line":16,"column":6}},"6":{"start":{"line":17,"column":4},"end":{"line":20,"column":7}},"7":{"start":{"line":24,"column":0},"end":{"line":29,"column":2}},"8":{"start":{"line":27,"column":4},"end":{"line":27,"column":71}},"9":{"start":{"line":32,"column":0},"end":{"line":32,"column":24}}},"fnMap":{"0":{"name":"(anonymous_0)","decl":{"start":{"line":9,"column":19},"end":{"line":9,"column":20}},"loc":{"start":{"line":9,"column":45},"end":{"line":21,"column":3}},"line":9},"1":{"name":"(anonymous_1)","decl":{"start":{"line":26,"column":19},"end":{"line":26,"column":20}},"loc":{"start":{"line":26,"column":45},"end":{"line":28,"column":3}},"line":26}},"branchMap":{},"s":{"0":3,"1":3,"2":3,"3":3,"4":3,"5":0,"6":0,"7":3,"8":0,"9":3},"f":{"0":0,"1":0},"b":{},"_coverageSchema":"1a1c01bbd47fc00a2c39e90264f33305004495a9","hash":"c82bc1cfb213b5391b88cc48cdb741a40d070674"}
,"/home/acer/Desktop/backendFinal/task1-web-api-av3nd/controller/shop.js": {"path":"/home/acer/Desktop/backendFinal/task1-web-api-av3nd/controller/shop.js","statementMap":{"0":{"start":{"line":1,"column":16},"end":{"line":1,"column":34}},"1":{"start":{"line":2,"column":13},"end":{"line":2,"column":28}},"2":{"start":{"line":3,"column":15},"end":{"line":3,"column":31}},"3":{"start":{"line":4,"column":11},"end":{"line":4,"column":24}},"4":{"start":{"line":5,"column":12},"end":{"line":5,"column":35}},"5":{"start":{"line":6,"column":17},"end":{"line":6,"column":45}},"6":{"start":{"line":7,"column":18},"end":{"line":7,"column":46}},"7":{"start":{"line":8,"column":13},"end":{"line":8,"column":37}},"8":{"start":{"line":9,"column":47},"end":{"line":9,"column":76}},"9":{"start":{"line":10,"column":19},"end":{"line":10,"column":39}},"10":{"start":{"line":11,"column":25},"end":{"line":11,"column":66}},"11":{"start":{"line":12,"column":21},"end":{"line":12,"column":53}},"12":{"start":{"line":13,"column":22},"end":{"line":13,"column":51}},"13":{"start":{"line":16,"column":0},"end":{"line":65,"column":3}},"14":{"start":{"line":17,"column":2},"end":{"line":64,"column":3}},"15":{"start":{"line":18,"column":22},"end":{"line":18,"column":30}},"16":{"start":{"line":19,"column":24},"end":{"line":19,"column":53}},"17":{"start":{"line":20,"column":4},"end":{"line":30,"column":5}},"18":{"start":{"line":21,"column":23},"end":{"line":21,"column":40}},"19":{"start":{"line":22,"column":23},"end":{"line":22,"column":44}},"20":{"start":{"line":23,"column":6},"end":{"line":28,"column":9}},"21":{"start":{"line":24,"column":8},"end":{"line":27,"column":9}},"22":{"start":{"line":25,"column":10},"end":{"line":25,"column":27}},"23":{"start":{"line":26,"column":10},"end":{"line":26,"column":67}},"24":{"start":{"line":29,"column":6},"end":{"line":29,"column":64}},"25":{"start":{"line":32,"column":21},"end":{"line":32,"column":38}},"26":{"start":{"line":33,"column":20},"end":{"line":33,"column":39}},"27":{"start":{"line":35,"column":19},"end":{"line":43,"column":5}},"28":{"start":{"line":45,"column":28},"end":{"line":45,"column":57}},"29":{"start":{"line":47,"column":26},"end":{"line":47,"column":86}},"30":{"start":{"line":49,"column":4},"end":{"line":61,"column":5}},"31":{"start":{"line":50,"column":6},"end":{"line":54,"column":9}},"32":{"start":{"line":55,"column":6},"end":{"line":58,"column":9}},"33":{"start":{"line":60,"column":6},"end":{"line":60,"column":56}},"34":{"start":{"line":63,"column":4},"end":{"line":63,"column":54}},"35":{"start":{"line":68,"column":30},"end":{"line":72,"column":1}},"36":{"start":{"line":69,"column":2},"end":{"line":71,"column":5}},"37":{"start":{"line":75,"column":0},"end":{"line":113,"column":2}},"38":{"start":{"line":78,"column":4},"end":{"line":111,"column":5}},"39":{"start":{"line":79,"column":35},"end":{"line":79,"column":43}},"40":{"start":{"line":81,"column":24},"end":{"line":84,"column":7}},"41":{"start":{"line":86,"column":6},"end":{"line":88,"column":7}},"42":{"start":{"line":87,"column":8},"end":{"line":87,"column":60}},"43":{"start":{"line":90,"column":8},"end":{"line":90,"column":17}},"44":{"start":{"line":92,"column":19},"end":{"line":92,"column":48}},"45":{"start":{"line":94,"column":6},"end":{"line":96,"column":7}},"46":{"start":{"line":95,"column":8},"end":{"line":95,"column":66}},"47":{"start":{"line":98,"column":6},"end":{"line":106,"column":9}},"48":{"start":{"line":108,"column":6},"end":{"line":108,"column":38}},"49":{"start":{"line":110,"column":6},"end":{"line":110,"column":56}},"50":{"start":{"line":116,"column":0},"end":{"line":145,"column":2}},"51":{"start":{"line":119,"column":4},"end":{"line":143,"column":5}},"52":{"start":{"line":120,"column":34},"end":{"line":120,"column":42}},"53":{"start":{"line":122,"column":6},"end":{"line":124,"column":7}},"54":{"start":{"line":123,"column":8},"end":{"line":123,"column":77}},"55":{"start":{"line":126,"column":19},"end":{"line":126,"column":68}},"56":{"start":{"line":128,"column":6},"end":{"line":130,"column":7}},"57":{"start":{"line":129,"column":8},"end":{"line":129,"column":67}},"58":{"start":{"line":132,"column":30},"end":{"line":132,"column":66}},"59":{"start":{"line":134,"column":6},"end":{"line":138,"column":7}},"60":{"start":{"line":135,"column":8},"end":{"line":137,"column":10}},"61":{"start":{"line":140,"column":6},"end":{"line":140,"column":36}},"62":{"start":{"line":142,"column":6},"end":{"line":142,"column":56}},"63":{"start":{"line":148,"column":0},"end":{"line":167,"column":2}},"64":{"start":{"line":152,"column":4},"end":{"line":165,"column":5}},"65":{"start":{"line":153,"column":21},"end":{"line":153,"column":56}},"66":{"start":{"line":155,"column":6},"end":{"line":157,"column":7}},"67":{"start":{"line":156,"column":8},"end":{"line":156,"column":66}},"68":{"start":{"line":159,"column":6},"end":{"line":162,"column":9}},"69":{"start":{"line":164,"column":6},"end":{"line":164,"column":56}},"70":{"start":{"line":170,"column":0},"end":{"line":186,"column":2}},"71":{"start":{"line":173,"column":4},"end":{"line":184,"column":5}},"72":{"start":{"line":174,"column":6},"end":{"line":177,"column":9}},"73":{"start":{"line":178,"column":6},"end":{"line":181,"column":9}},"74":{"start":{"line":183,"column":6},"end":{"line":183,"column":56}},"75":{"start":{"line":189,"column":0},"end":{"line":202,"column":2}},"76":{"start":{"line":192,"column":4},"end":{"line":200,"column":5}},"77":{"start":{"line":193,"column":19},"end":{"line":193,"column":53}},"78":{"start":{"line":194,"column":6},"end":{"line":197,"column":9}},"79":{"start":{"line":199,"column":6},"end":{"line":199,"column":56}},"80":{"start":{"line":205,"column":0},"end":{"line":231,"column":2}},"81":{"start":{"line":210,"column":4},"end":{"line":229,"column":5}},"82":{"start":{"line":211,"column":25},"end":{"line":211,"column":60}},"83":{"start":{"line":213,"column":30},"end":{"line":213,"column":60}},"84":{"start":{"line":215,"column":6},"end":{"line":215,"column":37}},"85":{"start":{"line":217,"column":22},"end":{"line":217,"column":50}},"86":{"start":{"line":219,"column":21},"end":{"line":221,"column":8}},"87":{"start":{"line":223,"column":6},"end":{"line":226,"column":9}},"88":{"start":{"line":228,"column":6},"end":{"line":228,"column":56}},"89":{"start":{"line":234,"column":0},"end":{"line":263,"column":2}},"90":{"start":{"line":238,"column":4},"end":{"line":261,"column":5}},"91":{"start":{"line":239,"column":67},"end":{"line":239,"column":75}},"92":{"start":{"line":241,"column":19},"end":{"line":241,"column":53}},"93":{"start":{"line":243,"column":6},"end":{"line":245,"column":7}},"94":{"start":{"line":244,"column":8},"end":{"line":244,"column":61}},"95":{"start":{"line":247,"column":6},"end":{"line":247,"column":23}},"96":{"start":{"line":248,"column":6},"end":{"line":248,"column":37}},"97":{"start":{"line":249,"column":6},"end":{"line":249,"column":29}},"98":{"start":{"line":250,"column":6},"end":{"line":250,"column":37}},"99":{"start":{"line":251,"column":6},"end":{"line":251,"column":29}},"100":{"start":{"line":253,"column":6},"end":{"line":253,"column":24}},"101":{"start":{"line":255,"column":6},"end":{"line":258,"column":9}},"102":{"start":{"line":260,"column":6},"end":{"line":260,"column":56}},"103":{"start":{"line":266,"column":0},"end":{"line":283,"column":2}},"104":{"start":{"line":271,"column":4},"end":{"line":281,"column":5}},"105":{"start":{"line":272,"column":22},"end":{"line":274,"column":8}},"106":{"start":{"line":275,"column":6},"end":{"line":278,"column":9}},"107":{"start":{"line":280,"column":6},"end":{"line":280,"column":56}},"108":{"start":{"line":286,"column":0},"end":{"line":310,"column":2}},"109":{"start":{"line":291,"column":4},"end":{"line":308,"column":5}},"110":{"start":{"line":292,"column":21},"end":{"line":292,"column":55}},"111":{"start":{"line":294,"column":6},"end":{"line":298,"column":7}},"112":{"start":{"line":295,"column":8},"end":{"line":297,"column":10}},"113":{"start":{"line":300,"column":6},"end":{"line":300,"column":50}},"114":{"start":{"line":302,"column":6},"end":{"line":305,"column":9}},"115":{"start":{"line":307,"column":6},"end":{"line":307,"column":56}},"116":{"start":{"line":313,"column":0},"end":{"line":332,"column":2}},"117":{"start":{"line":317,"column":4},"end":{"line":330,"column":5}},"118":{"start":{"line":318,"column":33},"end":{"line":318,"column":41}},"119":{"start":{"line":320,"column":21},"end":{"line":322,"column":8}},"120":{"start":{"line":324,"column":6},"end":{"line":327,"column":9}},"121":{"start":{"line":329,"column":6},"end":{"line":329,"column":56}},"122":{"start":{"line":335,"column":0},"end":{"line":358,"column":2}},"123":{"start":{"line":339,"column":4},"end":{"line":356,"column":5}},"124":{"start":{"line":340,"column":21},"end":{"line":340,"column":56}},"125":{"start":{"line":342,"column":6},"end":{"line":344,"column":7}},"126":{"start":{"line":343,"column":8},"end":{"line":343,"column":76}},"127":{"start":{"line":346,"column":6},"end":{"line":346,"column":35}},"128":{"start":{"line":348,"column":6},"end":{"line":348,"column":26}},"129":{"start":{"line":350,"column":6},"end":{"line":353,"column":9}},"130":{"start":{"line":355,"column":6},"end":{"line":355,"column":56}},"131":{"start":{"line":360,"column":0},"end":{"line":360,"column":24}}},"fnMap":{"0":{"name":"(anonymous_0)","decl":{"start":{"line":16,"column":51},"end":{"line":16,"column":52}},"loc":{"start":{"line":16,"column":77},"end":{"line":65,"column":1}},"line":16},"1":{"name":"(anonymous_1)","decl":{"start":{"line":23,"column":26},"end":{"line":23,"column":27}},"loc":{"start":{"line":23,"column":35},"end":{"line":28,"column":7}},"line":23},"2":{"name":"(anonymous_2)","decl":{"start":{"line":68,"column":30},"end":{"line":68,"column":31}},"loc":{"start":{"line":68,"column":42},"end":{"line":72,"column":1}},"line":68},"3":{"name":"(anonymous_3)","decl":{"start":{"line":77,"column":19},"end":{"line":77,"column":20}},"loc":{"start":{"line":77,"column":45},"end":{"line":112,"column":3}},"line":77},"4":{"name":"(anonymous_4)","decl":{"start":{"line":118,"column":19},"end":{"line":118,"column":20}},"loc":{"start":{"line":118,"column":45},"end":{"line":144,"column":3}},"line":118},"5":{"name":"(anonymous_5)","decl":{"start":{"line":151,"column":19},"end":{"line":151,"column":20}},"loc":{"start":{"line":151,"column":45},"end":{"line":166,"column":3}},"line":151},"6":{"name":"(anonymous_6)","decl":{"start":{"line":172,"column":19},"end":{"line":172,"column":20}},"loc":{"start":{"line":172,"column":45},"end":{"line":185,"column":3}},"line":172},"7":{"name":"(anonymous_7)","decl":{"start":{"line":191,"column":19},"end":{"line":191,"column":20}},"loc":{"start":{"line":191,"column":45},"end":{"line":201,"column":3}},"line":191},"8":{"name":"(anonymous_8)","decl":{"start":{"line":209,"column":19},"end":{"line":209,"column":20}},"loc":{"start":{"line":209,"column":45},"end":{"line":230,"column":3}},"line":209},"9":{"name":"(anonymous_9)","decl":{"start":{"line":237,"column":19},"end":{"line":237,"column":20}},"loc":{"start":{"line":237,"column":45},"end":{"line":262,"column":3}},"line":237},"10":{"name":"(anonymous_10)","decl":{"start":{"line":270,"column":19},"end":{"line":270,"column":20}},"loc":{"start":{"line":270,"column":45},"end":{"line":282,"column":3}},"line":270},"11":{"name":"(anonymous_11)","decl":{"start":{"line":290,"column":19},"end":{"line":290,"column":20}},"loc":{"start":{"line":290,"column":45},"end":{"line":309,"column":3}},"line":290},"12":{"name":"(anonymous_12)","decl":{"start":{"line":316,"column":19},"end":{"line":316,"column":20}},"loc":{"start":{"line":316,"column":45},"end":{"line":331,"column":3}},"line":316},"13":{"name":"(anonymous_13)","decl":{"start":{"line":338,"column":19},"end":{"line":338,"column":20}},"loc":{"start":{"line":338,"column":45},"end":{"line":357,"column":3}},"line":338}},"branchMap":{"0":{"loc":{"start":{"line":20,"column":4},"end":{"line":30,"column":5}},"type":"if","locations":[{"start":{"line":20,"column":4},"end":{"line":30,"column":5}},{"start":{},"end":{}}],"line":20},"1":{"loc":{"start":{"line":24,"column":8},"end":{"line":27,"column":9}},"type":"if","locations":[{"start":{"line":24,"column":8},"end":{"line":27,"column":9}},{"start":{},"end":{}}],"line":24},"2":{"loc":{"start":{"line":86,"column":6},"end":{"line":88,"column":7}},"type":"if","locations":[{"start":{"line":86,"column":6},"end":{"line":88,"column":7}},{"start":{},"end":{}}],"line":86},"3":{"loc":{"start":{"line":94,"column":6},"end":{"line":96,"column":7}},"type":"if","locations":[{"start":{"line":94,"column":6},"end":{"line":96,"column":7}},{"start":{},"end":{}}],"line":94},"4":{"loc":{"start":{"line":122,"column":6},"end":{"line":124,"column":7}},"type":"if","locations":[{"start":{"line":122,"column":6},"end":{"line":124,"column":7}},{"start":{},"end":{}}],"line":122},"5":{"loc":{"start":{"line":122,"column":10},"end":{"line":122,"column":29}},"type":"binary-expr","locations":[{"start":{"line":122,"column":10},"end":{"line":122,"column":16}},{"start":{"line":122,"column":20},"end":{"line":122,"column":29}}],"line":122},"6":{"loc":{"start":{"line":128,"column":6},"end":{"line":130,"column":7}},"type":"if","locations":[{"start":{"line":128,"column":6},"end":{"line":130,"column":7}},{"start":{},"end":{}}],"line":128},"7":{"loc":{"start":{"line":134,"column":6},"end":{"line":138,"column":7}},"type":"if","locations":[{"start":{"line":134,"column":6},"end":{"line":138,"column":7}},{"start":{},"end":{}}],"line":134},"8":{"loc":{"start":{"line":155,"column":6},"end":{"line":157,"column":7}},"type":"if","locations":[{"start":{"line":155,"column":6},"end":{"line":157,"column":7}},{"start":{},"end":{}}],"line":155},"9":{"loc":{"start":{"line":243,"column":6},"end":{"line":245,"column":7}},"type":"if","locations":[{"start":{"line":243,"column":6},"end":{"line":245,"column":7}},{"start":{},"end":{}}],"line":243},"10":{"loc":{"start":{"line":294,"column":6},"end":{"line":298,"column":7}},"type":"if","locations":[{"start":{"line":294,"column":6},"end":{"line":298,"column":7}},{"start":{},"end":{}}],"line":294},"11":{"loc":{"start":{"line":342,"column":6},"end":{"line":344,"column":7}},"type":"if","locations":[{"start":{"line":342,"column":6},"end":{"line":344,"column":7}},{"start":{},"end":{}}],"line":342}},"s":{"0":3,"1":3,"2":3,"3":3,"4":3,"5":3,"6":3,"7":3,"8":3,"9":3,"10":3,"11":3,"12":3,"13":3,"14":0,"15":0,"16":0,"17":0,"18":0,"19":0,"20":0,"21":0,"22":0,"23":0,"24":0,"25":0,"26":0,"27":0,"28":0,"29":0,"30":0,"31":0,"32":0,"33":0,"34":0,"35":3,"36":0,"37":3,"38":0,"39":0,"40":0,"41":0,"42":0,"43":0,"44":0,"45":0,"46":0,"47":0,"48":0,"49":0,"50":3,"51":1,"52":1,"53":1,"54":0,"55":1,"56":0,"57":0,"58":0,"59":0,"60":0,"61":0,"62":0,"63":3,"64":0,"65":0,"66":0,"67":0,"68":0,"69":0,"70":3,"71":0,"72":0,"73":0,"74":0,"75":3,"76":0,"77":0,"78":0,"79":0,"80":3,"81":0,"82":0,"83":0,"84":0,"85":0,"86":0,"87":0,"88":0,"89":3,"90":0,"91":0,"92":0,"93":0,"94":0,"95":0,"96":0,"97":0,"98":0,"99":0,"100":0,"101":0,"102":0,"103":3,"104":0,"105":0,"106":0,"107":0,"108":3,"109":0,"110":0,"111":0,"112":0,"113":0,"114":0,"115":0,"116":3,"117":0,"118":0,"119":0,"120":0,"121":0,"122":3,"123":0,"124":0,"125":0,"126":0,"127":0,"128":0,"129":0,"130":0,"131":3},"f":{"0":0,"1":0,"2":0,"3":0,"4":1,"5":0,"6":0,"7":0,"8":0,"9":0,"10":0,"11":0,"12":0,"13":0},"b":{"0":[0,0],"1":[0,0],"2":[0,0],"3":[0,0],"4":[0,1],"5":[1,1],"6":[0,0],"7":[0,0],"8":[0,0],"9":[0,0],"10":[0,0],"11":[0,0]},"_coverageSchema":"1a1c01bbd47fc00a2c39e90264f33305004495a9","hash":"46d09a12e57bdb43a83cae069fe28760aeaca9f3"}
,"/home/acer/Desktop/backendFinal/task1-web-api-av3nd/controller/user.js": {"path":"/home/acer/Desktop/backendFinal/task1-web-api-av3nd/controller/user.js","statementMap":{"0":{"start":{"line":1,"column":16},"end":{"line":1,"column":34}},"1":{"start":{"line":2,"column":13},"end":{"line":2,"column":28}},"2":{"start":{"line":3,"column":13},"end":{"line":3,"column":37}},"3":{"start":{"line":4,"column":15},"end":{"line":4,"column":31}},"4":{"start":{"line":5,"column":19},"end":{"line":5,"column":39}},"5":{"start":{"line":6,"column":21},"end":{"line":6,"column":53}},"6":{"start":{"line":7,"column":25},"end":{"line":7,"column":66}},"7":{"start":{"line":8,"column":11},"end":{"line":8,"column":24}},"8":{"start":{"line":9,"column":12},"end":{"line":9,"column":35}},"9":{"start":{"line":10,"column":17},"end":{"line":10,"column":45}},"10":{"start":{"line":11,"column":18},"end":{"line":11,"column":46}},"11":{"start":{"line":12,"column":37},"end":{"line":12,"column":66}},"12":{"start":{"line":14,"column":0},"end":{"line":61,"column":3}},"13":{"start":{"line":15,"column":2},"end":{"line":60,"column":3}},"14":{"start":{"line":16,"column":38},"end":{"line":16,"column":46}},"15":{"start":{"line":17,"column":22},"end":{"line":17,"column":51}},"16":{"start":{"line":19,"column":4},"end":{"line":29,"column":5}},"17":{"start":{"line":20,"column":23},"end":{"line":20,"column":40}},"18":{"start":{"line":21,"column":23},"end":{"line":21,"column":44}},"19":{"start":{"line":22,"column":6},"end":{"line":27,"column":9}},"20":{"start":{"line":23,"column":8},"end":{"line":26,"column":9}},"21":{"start":{"line":24,"column":10},"end":{"line":24,"column":27}},"22":{"start":{"line":25,"column":10},"end":{"line":25,"column":67}},"23":{"start":{"line":28,"column":6},"end":{"line":28,"column":64}},"24":{"start":{"line":31,"column":21},"end":{"line":31,"column":38}},"25":{"start":{"line":32,"column":20},"end":{"line":32,"column":39}},"26":{"start":{"line":34,"column":17},"end":{"line":39,"column":5}},"27":{"start":{"line":41,"column":28},"end":{"line":41,"column":55}},"28":{"start":{"line":43,"column":26},"end":{"line":43,"column":79}},"29":{"start":{"line":45,"column":4},"end":{"line":57,"column":5}},"30":{"start":{"line":46,"column":6},"end":{"line":50,"column":9}},"31":{"start":{"line":51,"column":6},"end":{"line":54,"column":9}},"32":{"start":{"line":56,"column":6},"end":{"line":56,"column":56}},"33":{"start":{"line":59,"column":4},"end":{"line":59,"column":54}},"34":{"start":{"line":64,"column":30},"end":{"line":68,"column":1}},"35":{"start":{"line":65,"column":2},"end":{"line":67,"column":5}},"36":{"start":{"line":71,"column":0},"end":{"line":104,"column":2}},"37":{"start":{"line":74,"column":4},"end":{"line":102,"column":5}},"38":{"start":{"line":75,"column":35},"end":{"line":75,"column":43}},"39":{"start":{"line":77,"column":22},"end":{"line":80,"column":7}},"40":{"start":{"line":82,"column":6},"end":{"line":84,"column":7}},"41":{"start":{"line":83,"column":8},"end":{"line":83,"column":60}},"42":{"start":{"line":85,"column":48},"end":{"line":85,"column":55}},"43":{"start":{"line":87,"column":17},"end":{"line":87,"column":46}},"44":{"start":{"line":89,"column":6},"end":{"line":91,"column":7}},"45":{"start":{"line":90,"column":8},"end":{"line":90,"column":66}},"46":{"start":{"line":92,"column":6},"end":{"line":97,"column":9}},"47":{"start":{"line":99,"column":6},"end":{"line":99,"column":32}},"48":{"start":{"line":101,"column":6},"end":{"line":101,"column":56}},"49":{"start":{"line":107,"column":0},"end":{"line":136,"column":2}},"50":{"start":{"line":110,"column":4},"end":{"line":134,"column":5}},"51":{"start":{"line":111,"column":34},"end":{"line":111,"column":42}},"52":{"start":{"line":113,"column":6},"end":{"line":115,"column":7}},"53":{"start":{"line":114,"column":8},"end":{"line":114,"column":77}},"54":{"start":{"line":117,"column":19},"end":{"line":117,"column":68}},"55":{"start":{"line":119,"column":6},"end":{"line":121,"column":7}},"56":{"start":{"line":120,"column":8},"end":{"line":120,"column":67}},"57":{"start":{"line":123,"column":30},"end":{"line":123,"column":66}},"58":{"start":{"line":125,"column":6},"end":{"line":129,"column":7}},"59":{"start":{"line":126,"column":8},"end":{"line":128,"column":10}},"60":{"start":{"line":131,"column":6},"end":{"line":131,"column":32}},"61":{"start":{"line":133,"column":6},"end":{"line":133,"column":56}},"62":{"start":{"line":139,"column":0},"end":{"line":158,"column":2}},"63":{"start":{"line":143,"column":4},"end":{"line":156,"column":5}},"64":{"start":{"line":144,"column":19},"end":{"line":144,"column":51}},"65":{"start":{"line":146,"column":6},"end":{"line":148,"column":7}},"66":{"start":{"line":147,"column":8},"end":{"line":147,"column":66}},"67":{"start":{"line":150,"column":6},"end":{"line":153,"column":9}},"68":{"start":{"line":155,"column":6},"end":{"line":155,"column":56}},"69":{"start":{"line":161,"column":0},"end":{"line":177,"column":2}},"70":{"start":{"line":164,"column":4},"end":{"line":175,"column":5}},"71":{"start":{"line":165,"column":6},"end":{"line":168,"column":9}},"72":{"start":{"line":169,"column":6},"end":{"line":172,"column":9}},"73":{"start":{"line":174,"column":6},"end":{"line":174,"column":56}},"74":{"start":{"line":180,"column":0},"end":{"line":215,"column":2}},"75":{"start":{"line":184,"column":4},"end":{"line":213,"column":5}},"76":{"start":{"line":185,"column":53},"end":{"line":185,"column":61}},"77":{"start":{"line":187,"column":19},"end":{"line":187,"column":68}},"78":{"start":{"line":189,"column":6},"end":{"line":191,"column":7}},"79":{"start":{"line":190,"column":8},"end":{"line":190,"column":61}},"80":{"start":{"line":193,"column":30},"end":{"line":193,"column":66}},"81":{"start":{"line":195,"column":6},"end":{"line":199,"column":7}},"82":{"start":{"line":196,"column":8},"end":{"line":198,"column":10}},"83":{"start":{"line":201,"column":6},"end":{"line":201,"column":23}},"84":{"start":{"line":202,"column":6},"end":{"line":202,"column":25}},"85":{"start":{"line":203,"column":6},"end":{"line":203,"column":37}},"86":{"start":{"line":205,"column":6},"end":{"line":205,"column":24}},"87":{"start":{"line":207,"column":6},"end":{"line":210,"column":9}},"88":{"start":{"line":212,"column":6},"end":{"line":212,"column":56}},"89":{"start":{"line":218,"column":0},"end":{"line":244,"column":2}},"90":{"start":{"line":223,"column":4},"end":{"line":242,"column":5}},"91":{"start":{"line":224,"column":25},"end":{"line":224,"column":57}},"92":{"start":{"line":226,"column":30},"end":{"line":226,"column":60}},"93":{"start":{"line":228,"column":6},"end":{"line":228,"column":37}},"94":{"start":{"line":230,"column":22},"end":{"line":230,"column":50}},"95":{"start":{"line":232,"column":19},"end":{"line":234,"column":8}},"96":{"start":{"line":236,"column":6},"end":{"line":239,"column":9}},"97":{"start":{"line":241,"column":6},"end":{"line":241,"column":56}},"98":{"start":{"line":247,"column":0},"end":{"line":284,"column":2}},"99":{"start":{"line":251,"column":4},"end":{"line":282,"column":5}},"100":{"start":{"line":252,"column":19},"end":{"line":252,"column":51}},"101":{"start":{"line":254,"column":30},"end":{"line":256,"column":7}},"102":{"start":{"line":255,"column":21},"end":{"line":255,"column":65}},"103":{"start":{"line":257,"column":6},"end":{"line":261,"column":7}},"104":{"start":{"line":258,"column":8},"end":{"line":260,"column":10}},"105":{"start":{"line":263,"column":28},"end":{"line":265,"column":7}},"106":{"start":{"line":264,"column":21},"end":{"line":264,"column":49}},"107":{"start":{"line":267,"column":6},"end":{"line":272,"column":7}},"108":{"start":{"line":268,"column":8},"end":{"line":268,"column":47}},"109":{"start":{"line":271,"column":8},"end":{"line":271,"column":38}},"110":{"start":{"line":274,"column":6},"end":{"line":274,"column":24}},"111":{"start":{"line":276,"column":6},"end":{"line":279,"column":9}},"112":{"start":{"line":281,"column":6},"end":{"line":281,"column":56}},"113":{"start":{"line":287,"column":0},"end":{"line":311,"column":2}},"114":{"start":{"line":291,"column":4},"end":{"line":309,"column":5}},"115":{"start":{"line":292,"column":21},"end":{"line":292,"column":33}},"116":{"start":{"line":293,"column":24},"end":{"line":293,"column":37}},"117":{"start":{"line":295,"column":6},"end":{"line":295,"column":29}},"118":{"start":{"line":297,"column":6},"end":{"line":302,"column":8}},"119":{"start":{"line":304,"column":19},"end":{"line":304,"column":46}},"120":{"start":{"line":306,"column":6},"end":{"line":306,"column":52}},"121":{"start":{"line":308,"column":6},"end":{"line":308,"column":56}},"122":{"start":{"line":314,"column":0},"end":{"line":346,"column":2}},"123":{"start":{"line":318,"column":4},"end":{"line":344,"column":5}},"124":{"start":{"line":319,"column":19},"end":{"line":319,"column":71}},"125":{"start":{"line":321,"column":32},"end":{"line":323,"column":7}},"126":{"start":{"line":325,"column":6},"end":{"line":327,"column":7}},"127":{"start":{"line":326,"column":8},"end":{"line":326,"column":73}},"128":{"start":{"line":329,"column":6},"end":{"line":333,"column":7}},"129":{"start":{"line":330,"column":8},"end":{"line":332,"column":10}},"130":{"start":{"line":334,"column":6},"end":{"line":334,"column":43}},"131":{"start":{"line":336,"column":6},"end":{"line":336,"column":24}},"132":{"start":{"line":338,"column":6},"end":{"line":341,"column":9}},"133":{"start":{"line":343,"column":6},"end":{"line":343,"column":56}},"134":{"start":{"line":349,"column":0},"end":{"line":363,"column":2}},"135":{"start":{"line":352,"column":4},"end":{"line":361,"column":5}},"136":{"start":{"line":353,"column":19},"end":{"line":353,"column":53}},"137":{"start":{"line":355,"column":6},"end":{"line":358,"column":9}},"138":{"start":{"line":360,"column":6},"end":{"line":360,"column":56}},"139":{"start":{"line":366,"column":0},"end":{"line":383,"column":2}},"140":{"start":{"line":371,"column":4},"end":{"line":381,"column":5}},"141":{"start":{"line":372,"column":20},"end":{"line":374,"column":8}},"142":{"start":{"line":375,"column":6},"end":{"line":378,"column":9}},"143":{"start":{"line":380,"column":6},"end":{"line":380,"column":56}},"144":{"start":{"line":386,"column":0},"end":{"line":410,"column":2}},"145":{"start":{"line":391,"column":4},"end":{"line":408,"column":5}},"146":{"start":{"line":392,"column":19},"end":{"line":392,"column":53}},"147":{"start":{"line":394,"column":6},"end":{"line":398,"column":7}},"148":{"start":{"line":395,"column":8},"end":{"line":397,"column":10}},"149":{"start":{"line":400,"column":6},"end":{"line":400,"column":50}},"150":{"start":{"line":402,"column":6},"end":{"line":405,"column":9}},"151":{"start":{"line":407,"column":6},"end":{"line":407,"column":56}},"152":{"start":{"line":412,"column":0},"end":{"line":412,"column":24}}},"fnMap":{"0":{"name":"(anonymous_0)","decl":{"start":{"line":14,"column":51},"end":{"line":14,"column":52}},"loc":{"start":{"line":14,"column":77},"end":{"line":61,"column":1}},"line":14},"1":{"name":"(anonymous_1)","decl":{"start":{"line":22,"column":26},"end":{"line":22,"column":27}},"loc":{"start":{"line":22,"column":35},"end":{"line":27,"column":7}},"line":22},"2":{"name":"(anonymous_2)","decl":{"start":{"line":64,"column":30},"end":{"line":64,"column":31}},"loc":{"start":{"line":64,"column":40},"end":{"line":68,"column":1}},"line":64},"3":{"name":"(anonymous_3)","decl":{"start":{"line":73,"column":19},"end":{"line":73,"column":20}},"loc":{"start":{"line":73,"column":45},"end":{"line":103,"column":3}},"line":73},"4":{"name":"(anonymous_4)","decl":{"start":{"line":109,"column":19},"end":{"line":109,"column":20}},"loc":{"start":{"line":109,"column":45},"end":{"line":135,"column":3}},"line":109},"5":{"name":"(anonymous_5)","decl":{"start":{"line":142,"column":19},"end":{"line":142,"column":20}},"loc":{"start":{"line":142,"column":45},"end":{"line":157,"column":3}},"line":142},"6":{"name":"(anonymous_6)","decl":{"start":{"line":163,"column":19},"end":{"line":163,"column":20}},"loc":{"start":{"line":163,"column":45},"end":{"line":176,"column":3}},"line":163},"7":{"name":"(anonymous_7)","decl":{"start":{"line":183,"column":19},"end":{"line":183,"column":20}},"loc":{"start":{"line":183,"column":45},"end":{"line":214,"column":3}},"line":183},"8":{"name":"(anonymous_8)","decl":{"start":{"line":222,"column":19},"end":{"line":222,"column":20}},"loc":{"start":{"line":222,"column":45},"end":{"line":243,"column":3}},"line":222},"9":{"name":"(anonymous_9)","decl":{"start":{"line":250,"column":19},"end":{"line":250,"column":20}},"loc":{"start":{"line":250,"column":45},"end":{"line":283,"column":3}},"line":250},"10":{"name":"(anonymous_10)","decl":{"start":{"line":255,"column":8},"end":{"line":255,"column":9}},"loc":{"start":{"line":255,"column":21},"end":{"line":255,"column":65}},"line":255},"11":{"name":"(anonymous_11)","decl":{"start":{"line":264,"column":8},"end":{"line":264,"column":9}},"loc":{"start":{"line":264,"column":21},"end":{"line":264,"column":49}},"line":264},"12":{"name":"(anonymous_12)","decl":{"start":{"line":290,"column":19},"end":{"line":290,"column":20}},"loc":{"start":{"line":290,"column":45},"end":{"line":310,"column":3}},"line":290},"13":{"name":"(anonymous_13)","decl":{"start":{"line":317,"column":19},"end":{"line":317,"column":20}},"loc":{"start":{"line":317,"column":45},"end":{"line":345,"column":3}},"line":317},"14":{"name":"(anonymous_14)","decl":{"start":{"line":351,"column":19},"end":{"line":351,"column":20}},"loc":{"start":{"line":351,"column":45},"end":{"line":362,"column":3}},"line":351},"15":{"name":"(anonymous_15)","decl":{"start":{"line":370,"column":19},"end":{"line":370,"column":20}},"loc":{"start":{"line":370,"column":45},"end":{"line":382,"column":3}},"line":370},"16":{"name":"(anonymous_16)","decl":{"start":{"line":390,"column":19},"end":{"line":390,"column":20}},"loc":{"start":{"line":390,"column":45},"end":{"line":409,"column":3}},"line":390}},"branchMap":{"0":{"loc":{"start":{"line":19,"column":4},"end":{"line":29,"column":5}},"type":"if","locations":[{"start":{"line":19,"column":4},"end":{"line":29,"column":5}},{"start":{},"end":{}}],"line":19},"1":{"loc":{"start":{"line":23,"column":8},"end":{"line":26,"column":9}},"type":"if","locations":[{"start":{"line":23,"column":8},"end":{"line":26,"column":9}},{"start":{},"end":{}}],"line":23},"2":{"loc":{"start":{"line":82,"column":6},"end":{"line":84,"column":7}},"type":"if","locations":[{"start":{"line":82,"column":6},"end":{"line":84,"column":7}},{"start":{},"end":{}}],"line":82},"3":{"loc":{"start":{"line":89,"column":6},"end":{"line":91,"column":7}},"type":"if","locations":[{"start":{"line":89,"column":6},"end":{"line":91,"column":7}},{"start":{},"end":{}}],"line":89},"4":{"loc":{"start":{"line":113,"column":6},"end":{"line":115,"column":7}},"type":"if","locations":[{"start":{"line":113,"column":6},"end":{"line":115,"column":7}},{"start":{},"end":{}}],"line":113},"5":{"loc":{"start":{"line":113,"column":10},"end":{"line":113,"column":29}},"type":"binary-expr","locations":[{"start":{"line":113,"column":10},"end":{"line":113,"column":16}},{"start":{"line":113,"column":20},"end":{"line":113,"column":29}}],"line":113},"6":{"loc":{"start":{"line":119,"column":6},"end":{"line":121,"column":7}},"type":"if","locations":[{"start":{"line":119,"column":6},"end":{"line":121,"column":7}},{"start":{},"end":{}}],"line":119},"7":{"loc":{"start":{"line":125,"column":6},"end":{"line":129,"column":7}},"type":"if","locations":[{"start":{"line":125,"column":6},"end":{"line":129,"column":7}},{"start":{},"end":{}}],"line":125},"8":{"loc":{"start":{"line":146,"column":6},"end":{"line":148,"column":7}},"type":"if","locations":[{"start":{"line":146,"column":6},"end":{"line":148,"column":7}},{"start":{},"end":{}}],"line":146},"9":{"loc":{"start":{"line":189,"column":6},"end":{"line":191,"column":7}},"type":"if","locations":[{"start":{"line":189,"column":6},"end":{"line":191,"column":7}},{"start":{},"end":{}}],"line":189},"10":{"loc":{"start":{"line":195,"column":6},"end":{"line":199,"column":7}},"type":"if","locations":[{"start":{"line":195,"column":6},"end":{"line":199,"column":7}},{"start":{},"end":{}}],"line":195},"11":{"loc":{"start":{"line":257,"column":6},"end":{"line":261,"column":7}},"type":"if","locations":[{"start":{"line":257,"column":6},"end":{"line":261,"column":7}},{"start":{},"end":{}}],"line":257},"12":{"loc":{"start":{"line":267,"column":6},"end":{"line":272,"column":7}},"type":"if","locations":[{"start":{"line":267,"column":6},"end":{"line":272,"column":7}},{"start":{"line":269,"column":13},"end":{"line":272,"column":7}}],"line":267},"13":{"loc":{"start":{"line":325,"column":6},"end":{"line":327,"column":7}},"type":"if","locations":[{"start":{"line":325,"column":6},"end":{"line":327,"column":7}},{"start":{},"end":{}}],"line":325},"14":{"loc":{"start":{"line":329,"column":6},"end":{"line":333,"column":7}},"type":"if","locations":[{"start":{"line":329,"column":6},"end":{"line":333,"column":7}},{"start":{},"end":{}}],"line":329},"15":{"loc":{"start":{"line":394,"column":6},"end":{"line":398,"column":7}},"type":"if","locations":[{"start":{"line":394,"column":6},"end":{"line":398,"column":7}},{"start":{},"end":{}}],"line":394}},"s":{"0":3,"1":3,"2":3,"3":3,"4":3,"5":3,"6":3,"7":3,"8":3,"9":3,"10":3,"11":3,"12":3,"13":0,"14":0,"15":0,"16":0,"17":0,"18":0,"19":0,"20":0,"21":0,"22":0,"23":0,"24":0,"25":0,"26":0,"27":0,"28":0,"29":0,"30":0,"31":0,"32":0,"33":0,"34":3,"35":0,"36":3,"37":0,"38":0,"39":0,"40":0,"41":0,"42":0,"43":0,"44":0,"45":0,"46":0,"47":0,"48":0,"49":3,"50":0,"51":0,"52":0,"53":0,"54":0,"55":0,"56":0,"57":0,"58":0,"59":0,"60":0,"61":0,"62":3,"63":0,"64":0,"65":0,"66":0,"67":0,"68":0,"69":3,"70":0,"71":0,"72":0,"73":0,"74":3,"75":0,"76":0,"77":0,"78":0,"79":0,"80":0,"81":0,"82":0,"83":0,"84":0,"85":0,"86":0,"87":0,"88":0,"89":3,"90":0,"91":0,"92":0,"93":0,"94":0,"95":0,"96":0,"97":0,"98":3,"99":0,"100":0,"101":0,"102":0,"103":0,"104":0,"105":0,"106":0,"107":0,"108":0,"109":0,"110":0,"111":0,"112":0,"113":3,"114":0,"115":0,"116":0,"117":0,"118":0,"119":0,"120":0,"121":0,"122":3,"123":0,"124":0,"125":0,"126":0,"127":0,"128":0,"129":0,"130":0,"131":0,"132":0,"133":0,"134":3,"135":0,"136":0,"137":0,"138":0,"139":3,"140":0,"141":0,"142":0,"143":0,"144":3,"145":0,"146":0,"147":0,"148":0,"149":0,"150":0,"151":0,"152":3},"f":{"0":0,"1":0,"2":0,"3":0,"4":0,"5":0,"6":0,"7":0,"8":0,"9":0,"10":0,"11":0,"12":0,"13":0,"14":0,"15":0,"16":0},"b":{"0":[0,0],"1":[0,0],"2":[0,0],"3":[0,0],"4":[0,0],"5":[0,0],"6":[0,0],"7":[0,0],"8":[0,0],"9":[0,0],"10":[0,0],"11":[0,0],"12":[0,0],"13":[0,0],"14":[0,0],"15":[0,0]},"_coverageSchema":"1a1c01bbd47fc00a2c39e90264f33305004495a9","hash":"cd7024215327308624a4151e1738c1c61d350368"}
,"/home/acer/Desktop/backendFinal/task1-web-api-av3nd/controller/withdraw.js": {"path":"/home/acer/Desktop/backendFinal/task1-web-api-av3nd/controller/withdraw.js","statementMap":{"0":{"start":{"line":1,"column":13},"end":{"line":1,"column":37}},"1":{"start":{"line":2,"column":21},"end":{"line":2,"column":53}},"2":{"start":{"line":3,"column":25},"end":{"line":3,"column":66}},"3":{"start":{"line":4,"column":16},"end":{"line":4,"column":34}},"4":{"start":{"line":5,"column":47},"end":{"line":5,"column":76}},"5":{"start":{"line":6,"column":17},"end":{"line":6,"column":45}},"6":{"start":{"line":7,"column":17},"end":{"line":7,"column":45}},"7":{"start":{"line":8,"column":15},"end":{"line":8,"column":31}},"8":{"start":{"line":11,"column":0},"end":{"line":52,"column":2}},"9":{"start":{"line":15,"column":4},"end":{"line":50,"column":5}},"10":{"start":{"line":16,"column":25},"end":{"line":16,"column":33}},"11":{"start":{"line":18,"column":19},"end":{"line":21,"column":7}},"12":{"start":{"line":23,"column":6},"end":{"line":34,"column":7}},"13":{"start":{"line":24,"column":8},"end":{"line":28,"column":11}},"14":{"start":{"line":29,"column":8},"end":{"line":31,"column":11}},"15":{"start":{"line":33,"column":8},"end":{"line":33,"column":58}},"16":{"start":{"line":36,"column":23},"end":{"line":36,"column":50}},"17":{"start":{"line":38,"column":19},"end":{"line":38,"column":54}},"18":{"start":{"line":40,"column":6},"end":{"line":40,"column":61}},"19":{"start":{"line":42,"column":6},"end":{"line":42,"column":24}},"20":{"start":{"line":44,"column":6},"end":{"line":47,"column":9}},"21":{"start":{"line":49,"column":6},"end":{"line":49,"column":56}},"22":{"start":{"line":56,"column":0},"end":{"line":72,"column":2}},"23":{"start":{"line":61,"column":4},"end":{"line":70,"column":5}},"24":{"start":{"line":62,"column":24},"end":{"line":62,"column":69}},"25":{"start":{"line":64,"column":6},"end":{"line":67,"column":9}},"26":{"start":{"line":69,"column":6},"end":{"line":69,"column":56}},"27":{"start":{"line":75,"column":0},"end":{"line":122,"column":2}},"28":{"start":{"line":80,"column":4},"end":{"line":120,"column":5}},"29":{"start":{"line":81,"column":27},"end":{"line":81,"column":35}},"30":{"start":{"line":83,"column":23},"end":{"line":90,"column":7}},"31":{"start":{"line":92,"column":21},"end":{"line":92,"column":50}},"32":{"start":{"line":94,"column":26},"end":{"line":99,"column":7}},"33":{"start":{"line":101,"column":6},"end":{"line":101,"column":66}},"34":{"start":{"line":103,"column":6},"end":{"line":103,"column":26}},"35":{"start":{"line":105,"column":6},"end":{"line":113,"column":7}},"36":{"start":{"line":106,"column":8},"end":{"line":110,"column":11}},"37":{"start":{"line":112,"column":8},"end":{"line":112,"column":58}},"38":{"start":{"line":114,"column":6},"end":{"line":117,"column":9}},"39":{"start":{"line":119,"column":6},"end":{"line":119,"column":56}},"40":{"start":{"line":124,"column":0},"end":{"line":124,"column":24}}},"fnMap":{"0":{"name":"(anonymous_0)","decl":{"start":{"line":14,"column":19},"end":{"line":14,"column":20}},"loc":{"start":{"line":14,"column":45},"end":{"line":51,"column":3}},"line":14},"1":{"name":"(anonymous_1)","decl":{"start":{"line":60,"column":19},"end":{"line":60,"column":20}},"loc":{"start":{"line":60,"column":45},"end":{"line":71,"column":3}},"line":60},"2":{"name":"(anonymous_2)","decl":{"start":{"line":79,"column":19},"end":{"line":79,"column":20}},"loc":{"start":{"line":79,"column":45},"end":{"line":121,"column":3}},"line":79}},"branchMap":{},"s":{"0":3,"1":3,"2":3,"3":3,"4":3,"5":3,"6":3,"7":3,"8":3,"9":0,"10":0,"11":0,"12":0,"13":0,"14":0,"15":0,"16":0,"17":0,"18":0,"19":0,"20":0,"21":0,"22":3,"23":0,"24":0,"25":0,"26":0,"27":3,"28":0,"29":0,"30":0,"31":0,"32":0,"33":0,"34":0,"35":0,"36":0,"37":0,"38":0,"39":0,"40":3},"f":{"0":0,"1":0,"2":0},"b":{},"_coverageSchema":"1a1c01bbd47fc00a2c39e90264f33305004495a9","hash":"15d3e9973391e2985e3d7c8be6840e800f0b7682"}
,"/home/acer/Desktop/backendFinal/task1-web-api-av3nd/middleware/auth.js": {"path":"/home/acer/Desktop/backendFinal/task1-web-api-av3nd/middleware/auth.js","statementMap":{"0":{"start":{"line":1,"column":21},"end":{"line":1,"column":53}},"1":{"start":{"line":2,"column":25},"end":{"line":2,"column":54}},"2":{"start":{"line":3,"column":12},"end":{"line":3,"column":35}},"3":{"start":{"line":4,"column":13},"end":{"line":4,"column":37}},"4":{"start":{"line":5,"column":13},"end":{"line":5,"column":37}},"5":{"start":{"line":7,"column":0},"end":{"line":19,"column":3}},"6":{"start":{"line":8,"column":20},"end":{"line":8,"column":31}},"7":{"start":{"line":10,"column":4},"end":{"line":12,"column":5}},"8":{"start":{"line":11,"column":8},"end":{"line":11,"column":71}},"9":{"start":{"line":14,"column":20},"end":{"line":14,"column":65}},"10":{"start":{"line":16,"column":4},"end":{"line":16,"column":47}},"11":{"start":{"line":18,"column":4},"end":{"line":18,"column":11}},"12":{"start":{"line":22,"column":0},"end":{"line":33,"column":3}},"13":{"start":{"line":23,"column":27},"end":{"line":23,"column":38}},"14":{"start":{"line":24,"column":4},"end":{"line":26,"column":5}},"15":{"start":{"line":25,"column":8},"end":{"line":25,"column":71}},"16":{"start":{"line":28,"column":20},"end":{"line":28,"column":72}},"17":{"start":{"line":30,"column":4},"end":{"line":30,"column":49}},"18":{"start":{"line":32,"column":4},"end":{"line":32,"column":11}},"19":{"start":{"line":36,"column":0},"end":{"line":43,"column":1}},"20":{"start":{"line":37,"column":4},"end":{"line":42,"column":5}},"21":{"start":{"line":38,"column":8},"end":{"line":40,"column":9}},"22":{"start":{"line":39,"column":12},"end":{"line":39,"column":92}},"23":{"start":{"line":41,"column":8},"end":{"line":41,"column":15}}},"fnMap":{"0":{"name":"(anonymous_0)","decl":{"start":{"line":7,"column":43},"end":{"line":7,"column":44}},"loc":{"start":{"line":7,"column":66},"end":{"line":19,"column":1}},"line":7},"1":{"name":"(anonymous_1)","decl":{"start":{"line":22,"column":36},"end":{"line":22,"column":37}},"loc":{"start":{"line":22,"column":59},"end":{"line":33,"column":1}},"line":22},"2":{"name":"(anonymous_2)","decl":{"start":{"line":36,"column":18},"end":{"line":36,"column":19}},"loc":{"start":{"line":36,"column":32},"end":{"line":43,"column":1}},"line":36},"3":{"name":"(anonymous_3)","decl":{"start":{"line":37,"column":11},"end":{"line":37,"column":12}},"loc":{"start":{"line":37,"column":29},"end":{"line":42,"column":5}},"line":37}},"branchMap":{"0":{"loc":{"start":{"line":10,"column":4},"end":{"line":12,"column":5}},"type":"if","locations":[{"start":{"line":10,"column":4},"end":{"line":12,"column":5}},{"start":{},"end":{}}],"line":10},"1":{"loc":{"start":{"line":24,"column":4},"end":{"line":26,"column":5}},"type":"if","locations":[{"start":{"line":24,"column":4},"end":{"line":26,"column":5}},{"start":{},"end":{}}],"line":24},"2":{"loc":{"start":{"line":38,"column":8},"end":{"line":40,"column":9}},"type":"if","locations":[{"start":{"line":38,"column":8},"end":{"line":40,"column":9}},{"start":{},"end":{}}],"line":38}},"s":{"0":3,"1":3,"2":3,"3":3,"4":3,"5":3,"6":0,"7":0,"8":0,"9":0,"10":0,"11":0,"12":3,"13":0,"14":0,"15":0,"16":0,"17":0,"18":0,"19":3,"20":27,"21":0,"22":0,"23":0},"f":{"0":0,"1":0,"2":27,"3":0},"b":{"0":[0,0],"1":[0,0],"2":[0,0]},"_coverageSchema":"1a1c01bbd47fc00a2c39e90264f33305004495a9","hash":"62e71a06bd40158ccf1b6614c103dc2c481cdd40"}
,"/home/acer/Desktop/backendFinal/task1-web-api-av3nd/middleware/catchAsyncErrors.js": {"path":"/home/acer/Desktop/backendFinal/task1-web-api-av3nd/middleware/catchAsyncErrors.js","statementMap":{"0":{"start":{"line":1,"column":0},"end":{"line":3,"column":2}},"1":{"start":{"line":1,"column":30},"end":{"line":3,"column":1}},"2":{"start":{"line":2,"column":2},"end":{"line":2,"column":55}}},"fnMap":{"0":{"name":"(anonymous_0)","decl":{"start":{"line":1,"column":17},"end":{"line":1,"column":18}},"loc":{"start":{"line":1,"column":30},"end":{"line":3,"column":1}},"line":1},"1":{"name":"(anonymous_1)","decl":{"start":{"line":1,"column":30},"end":{"line":1,"column":31}},"loc":{"start":{"line":1,"column":50},"end":{"line":3,"column":1}},"line":1}},"branchMap":{},"s":{"0":3,"1":141,"2":1},"f":{"0":141,"1":1},"b":{},"_coverageSchema":"1a1c01bbd47fc00a2c39e90264f33305004495a9","hash":"94d36df35671b3618762a76bfc3704f39346f05f"}
,"/home/acer/Desktop/backendFinal/task1-web-api-av3nd/middleware/error.js": {"path":"/home/acer/Desktop/backendFinal/task1-web-api-av3nd/middleware/error.js","statementMap":{"0":{"start":{"line":1,"column":21},"end":{"line":1,"column":53}},"1":{"start":{"line":3,"column":0},"end":{"line":35,"column":2}},"2":{"start":{"line":4,"column":2},"end":{"line":4,"column":41}},"3":{"start":{"line":5,"column":2},"end":{"line":5,"column":55}},"4":{"start":{"line":8,"column":2},"end":{"line":11,"column":3}},"5":{"start":{"line":9,"column":20},"end":{"line":9,"column":76}},"6":{"start":{"line":10,"column":4},"end":{"line":10,"column":41}},"7":{"start":{"line":14,"column":2},"end":{"line":17,"column":3}},"8":{"start":{"line":15,"column":20},"end":{"line":15,"column":72}},"9":{"start":{"line":16,"column":4},"end":{"line":16,"column":41}},"10":{"start":{"line":20,"column":2},"end":{"line":23,"column":3}},"11":{"start":{"line":21,"column":20},"end":{"line":21,"column":65}},"12":{"start":{"line":22,"column":4},"end":{"line":22,"column":41}},"13":{"start":{"line":26,"column":2},"end":{"line":29,"column":3}},"14":{"start":{"line":27,"column":20},"end":{"line":27,"column":66}},"15":{"start":{"line":28,"column":4},"end":{"line":28,"column":41}},"16":{"start":{"line":31,"column":2},"end":{"line":34,"column":5}}},"fnMap":{"0":{"name":"(anonymous_0)","decl":{"start":{"line":3,"column":17},"end":{"line":3,"column":18}},"loc":{"start":{"line":3,"column":42},"end":{"line":35,"column":1}},"line":3}},"branchMap":{"0":{"loc":{"start":{"line":4,"column":19},"end":{"line":4,"column":40}},"type":"binary-expr","locations":[{"start":{"line":4,"column":19},"end":{"line":4,"column":33}},{"start":{"line":4,"column":37},"end":{"line":4,"column":40}}],"line":4},"1":{"loc":{"start":{"line":5,"column":16},"end":{"line":5,"column":54}},"type":"binary-expr","locations":[{"start":{"line":5,"column":16},"end":{"line":5,"column":27}},{"start":{"line":5,"column":31},"end":{"line":5,"column":54}}],"line":5},"2":{"loc":{"start":{"line":8,"column":2},"end":{"line":11,"column":3}},"type":"if","locations":[{"start":{"line":8,"column":2},"end":{"line":11,"column":3}},{"start":{},"end":{}}],"line":8},"3":{"loc":{"start":{"line":14,"column":2},"end":{"line":17,"column":3}},"type":"if","locations":[{"start":{"line":14,"column":2},"end":{"line":17,"column":3}},{"start":{},"end":{}}],"line":14},"4":{"loc":{"start":{"line":20,"column":2},"end":{"line":23,"column":3}},"type":"if","locations":[{"start":{"line":20,"column":2},"end":{"line":23,"column":3}},{"start":{},"end":{}}],"line":20},"5":{"loc":{"start":{"line":26,"column":2},"end":{"line":29,"column":3}},"type":"if","locations":[{"start":{"line":26,"column":2},"end":{"line":29,"column":3}},{"start":{},"end":{}}],"line":26}},"s":{"0":3,"1":3,"2":0,"3":0,"4":0,"5":0,"6":0,"7":0,"8":0,"9":0,"10":0,"11":0,"12":0,"13":0,"14":0,"15":0,"16":0},"f":{"0":0},"b":{"0":[0,0],"1":[0,0],"2":[0,0],"3":[0,0],"4":[0,0],"5":[0,0]},"_coverageSchema":"1a1c01bbd47fc00a2c39e90264f33305004495a9","hash":"881946f8fb7519be51a1e33d403d76a0210a3911"}
,"/home/acer/Desktop/backendFinal/task1-web-api-av3nd/model/event.js": {"path":"/home/acer/Desktop/backendFinal/task1-web-api-av3nd/model/event.js","statementMap":{"0":{"start":{"line":1,"column":17},"end":{"line":1,"column":36}},"1":{"start":{"line":3,"column":20},"end":{"line":63,"column":2}},"2":{"start":{"line":65,"column":0},"end":{"line":65,"column":54}}},"fnMap":{},"branchMap":{},"s":{"0":3,"1":3,"2":3},"f":{},"b":{},"_coverageSchema":"1a1c01bbd47fc00a2c39e90264f33305004495a9","hash":"cdd474cf67a12354abdc6710405af33ac96420a3"}
,"/home/acer/Desktop/backendFinal/task1-web-api-av3nd/model/food.js": {"path":"/home/acer/Desktop/backendFinal/task1-web-api-av3nd/model/food.js","statementMap":{"0":{"start":{"line":1,"column":17},"end":{"line":1,"column":36}},"1":{"start":{"line":3,"column":19},"end":{"line":74,"column":2}},"2":{"start":{"line":76,"column":0},"end":{"line":76,"column":52}}},"fnMap":{},"branchMap":{},"s":{"0":3,"1":3,"2":3},"f":{},"b":{},"_coverageSchema":"1a1c01bbd47fc00a2c39e90264f33305004495a9","hash":"04e79b4946d7809dd19060d7c67a045769a44b09"}
,"/home/acer/Desktop/backendFinal/task1-web-api-av3nd/model/order.js": {"path":"/home/acer/Desktop/backendFinal/task1-web-api-av3nd/model/order.js","statementMap":{"0":{"start":{"line":1,"column":17},"end":{"line":1,"column":36}},"1":{"start":{"line":3,"column":20},"end":{"line":46,"column":2}},"2":{"start":{"line":48,"column":0},"end":{"line":48,"column":54}}},"fnMap":{},"branchMap":{},"s":{"0":3,"1":3,"2":3},"f":{},"b":{},"_coverageSchema":"1a1c01bbd47fc00a2c39e90264f33305004495a9","hash":"66e1bdb4ec149ebda44e5c974c4034ad50911aff"}
,"/home/acer/Desktop/backendFinal/task1-web-api-av3nd/model/shop.js": {"path":"/home/acer/Desktop/backendFinal/task1-web-api-av3nd/model/shop.js","statementMap":{"0":{"start":{"line":1,"column":17},"end":{"line":1,"column":36}},"1":{"start":{"line":2,"column":15},"end":{"line":2,"column":34}},"2":{"start":{"line":3,"column":12},"end":{"line":3,"column":35}},"3":{"start":{"line":5,"column":19},"end":{"line":75,"column":2}},"4":{"start":{"line":78,"column":0},"end":{"line":83,"column":3}},"5":{"start":{"line":79,"column":2},"end":{"line":81,"column":3}},"6":{"start":{"line":80,"column":4},"end":{"line":80,"column":11}},"7":{"start":{"line":82,"column":2},"end":{"line":82,"column":55}},"8":{"start":{"line":86,"column":0},"end":{"line":90,"column":2}},"9":{"start":{"line":87,"column":2},"end":{"line":89,"column":5}},"10":{"start":{"line":93,"column":0},"end":{"line":95,"column":2}},"11":{"start":{"line":94,"column":2},"end":{"line":94,"column":62}},"12":{"start":{"line":97,"column":0},"end":{"line":97,"column":52}}},"fnMap":{"0":{"name":"(anonymous_0)","decl":{"start":{"line":78,"column":23},"end":{"line":78,"column":24}},"loc":{"start":{"line":78,"column":45},"end":{"line":83,"column":1}},"line":78},"1":{"name":"(anonymous_1)","decl":{"start":{"line":86,"column":33},"end":{"line":86,"column":34}},"loc":{"start":{"line":86,"column":45},"end":{"line":90,"column":1}},"line":86},"2":{"name":"(anonymous_2)","decl":{"start":{"line":93,"column":37},"end":{"line":93,"column":38}},"loc":{"start":{"line":93,"column":70},"end":{"line":95,"column":1}},"line":93}},"branchMap":{"0":{"loc":{"start":{"line":79,"column":2},"end":{"line":81,"column":3}},"type":"if","locations":[{"start":{"line":79,"column":2},"end":{"line":81,"column":3}},{"start":{},"end":{}}],"line":79}},"s":{"0":3,"1":3,"2":3,"3":3,"4":3,"5":0,"6":0,"7":0,"8":3,"9":0,"10":3,"11":0,"12":3},"f":{"0":0,"1":0,"2":0},"b":{"0":[0,0]},"_coverageSchema":"1a1c01bbd47fc00a2c39e90264f33305004495a9","hash":"903246cda657350c49498367281b4d7f2f2172fd"}
,"/home/acer/Desktop/backendFinal/task1-web-api-av3nd/model/user.js": {"path":"/home/acer/Desktop/backendFinal/task1-web-api-av3nd/model/user.js","statementMap":{"0":{"start":{"line":1,"column":17},"end":{"line":1,"column":36}},"1":{"start":{"line":2,"column":15},"end":{"line":2,"column":34}},"2":{"start":{"line":3,"column":12},"end":{"line":3,"column":35}},"3":{"start":{"line":5,"column":19},"end":{"line":59,"column":2}},"4":{"start":{"line":63,"column":0},"end":{"line":69,"column":3}},"5":{"start":{"line":64,"column":2},"end":{"line":66,"column":3}},"6":{"start":{"line":65,"column":4},"end":{"line":65,"column":11}},"7":{"start":{"line":68,"column":2},"end":{"line":68,"column":55}},"8":{"start":{"line":72,"column":0},"end":{"line":76,"column":2}},"9":{"start":{"line":73,"column":2},"end":{"line":75,"column":5}},"10":{"start":{"line":79,"column":0},"end":{"line":81,"column":2}},"11":{"start":{"line":80,"column":2},"end":{"line":80,"column":62}},"12":{"start":{"line":83,"column":0},"end":{"line":83,"column":52}}},"fnMap":{"0":{"name":"(anonymous_0)","decl":{"start":{"line":63,"column":23},"end":{"line":63,"column":24}},"loc":{"start":{"line":63,"column":44},"end":{"line":69,"column":1}},"line":63},"1":{"name":"(anonymous_1)","decl":{"start":{"line":72,"column":33},"end":{"line":72,"column":34}},"loc":{"start":{"line":72,"column":45},"end":{"line":76,"column":1}},"line":72},"2":{"name":"(anonymous_2)","decl":{"start":{"line":79,"column":37},"end":{"line":79,"column":38}},"loc":{"start":{"line":79,"column":70},"end":{"line":81,"column":1}},"line":79}},"branchMap":{"0":{"loc":{"start":{"line":64,"column":2},"end":{"line":66,"column":3}},"type":"if","locations":[{"start":{"line":64,"column":2},"end":{"line":66,"column":3}},{"start":{},"end":{}}],"line":64}},"s":{"0":3,"1":3,"2":3,"3":3,"4":3,"5":0,"6":0,"7":0,"8":3,"9":0,"10":3,"11":0,"12":3},"f":{"0":0,"1":0,"2":0},"b":{"0":[0,0]},"_coverageSchema":"1a1c01bbd47fc00a2c39e90264f33305004495a9","hash":"01adf236830401e8ffff6a4ed7f2d2dc873d0680"}
,"/home/acer/Desktop/backendFinal/task1-web-api-av3nd/model/withdraw.js": {"path":"/home/acer/Desktop/backendFinal/task1-web-api-av3nd/model/withdraw.js","statementMap":{"0":{"start":{"line":1,"column":17},"end":{"line":1,"column":36}},"1":{"start":{"line":3,"column":23},"end":{"line":23,"column":2}},"2":{"start":{"line":25,"column":0},"end":{"line":25,"column":60}}},"fnMap":{},"branchMap":{},"s":{"0":3,"1":3,"2":3},"f":{},"b":{},"_coverageSchema":"1a1c01bbd47fc00a2c39e90264f33305004495a9","hash":"05d878b479319ae929a27be97e82c1db0ae43f06"}
,"/home/acer/Desktop/backendFinal/task1-web-api-av3nd/utils/ErrorHandler.js": {"path":"/home/acer/Desktop/backendFinal/task1-web-api-av3nd/utils/ErrorHandler.js","statementMap":{"0":{"start":{"line":3,"column":8},"end":{"line":3,"column":23}},"1":{"start":{"line":4,"column":8},"end":{"line":4,"column":36}},"2":{"start":{"line":6,"column":8},"end":{"line":6,"column":55}},"3":{"start":{"line":11,"column":0},"end":{"line":11,"column":29}}},"fnMap":{"0":{"name":"(anonymous_0)","decl":{"start":{"line":2,"column":4},"end":{"line":2,"column":5}},"loc":{"start":{"line":2,"column":35},"end":{"line":8,"column":5}},"line":2}},"branchMap":{},"s":{"0":0,"1":0,"2":0,"3":3},"f":{"0":0},"b":{},"_coverageSchema":"1a1c01bbd47fc00a2c39e90264f33305004495a9","hash":"ccc88046b5ea6c01b3d32704c5e0e5764e859cfe"}
,"/home/acer/Desktop/backendFinal/task1-web-api-av3nd/utils/jwtToken.js": {"path":"/home/acer/Desktop/backendFinal/task1-web-api-av3nd/utils/jwtToken.js","statementMap":{"0":{"start":{"line":2,"column":18},"end":{"line":18,"column":1}},"1":{"start":{"line":3,"column":16},"end":{"line":3,"column":34}},"2":{"start":{"line":6,"column":18},"end":{"line":11,"column":3}},"3":{"start":{"line":13,"column":2},"end":{"line":17,"column":5}},"4":{"start":{"line":20,"column":0},"end":{"line":20,"column":27}}},"fnMap":{"0":{"name":"(anonymous_0)","decl":{"start":{"line":2,"column":18},"end":{"line":2,"column":19}},"loc":{"start":{"line":2,"column":45},"end":{"line":18,"column":1}},"line":2}},"branchMap":{},"s":{"0":3,"1":0,"2":0,"3":0,"4":3},"f":{"0":0},"b":{},"_coverageSchema":"1a1c01bbd47fc00a2c39e90264f33305004495a9","hash":"3f2ebea4ccf8503c7219bfef45cacdcbd0131e45"}
,"/home/acer/Desktop/backendFinal/task1-web-api-av3nd/utils/sendMail.js": {"path":"/home/acer/Desktop/backendFinal/task1-web-api-av3nd/utils/sendMail.js","statementMap":{"0":{"start":{"line":1,"column":19},"end":{"line":1,"column":40}},"1":{"start":{"line":3,"column":17},"end":{"line":22,"column":1}},"2":{"start":{"line":4,"column":24},"end":{"line":12,"column":6}},"3":{"start":{"line":14,"column":24},"end":{"line":19,"column":5}},"4":{"start":{"line":21,"column":4},"end":{"line":21,"column":44}},"5":{"start":{"line":24,"column":0},"end":{"line":24,"column":26}}},"fnMap":{"0":{"name":"(anonymous_0)","decl":{"start":{"line":3,"column":17},"end":{"line":3,"column":18}},"loc":{"start":{"line":3,"column":36},"end":{"line":22,"column":1}},"line":3}},"branchMap":{},"s":{"0":3,"1":3,"2":0,"3":0,"4":0,"5":3},"f":{"0":0},"b":{},"_coverageSchema":"1a1c01bbd47fc00a2c39e90264f33305004495a9","hash":"ff148e21a47e6c841bff4cb1352ebb90e6e22cf8"}
,"/home/acer/Desktop/backendFinal/task1-web-api-av3nd/utils/shopToken.js": {"path":"/home/acer/Desktop/backendFinal/task1-web-api-av3nd/utils/shopToken.js","statementMap":{"0":{"start":{"line":2,"column":22},"end":{"line":18,"column":1}},"1":{"start":{"line":3,"column":16},"end":{"line":3,"column":34}},"2":{"start":{"line":6,"column":18},"end":{"line":11,"column":3}},"3":{"start":{"line":13,"column":2},"end":{"line":17,"column":5}},"4":{"start":{"line":20,"column":0},"end":{"line":20,"column":31}}},"fnMap":{"0":{"name":"(anonymous_0)","decl":{"start":{"line":2,"column":22},"end":{"line":2,"column":23}},"loc":{"start":{"line":2,"column":49},"end":{"line":18,"column":1}},"line":2}},"branchMap":{},"s":{"0":3,"1":0,"2":0,"3":0,"4":3},"f":{"0":0},"b":{},"_coverageSchema":"1a1c01bbd47fc00a2c39e90264f33305004495a9","hash":"f865584aea1e7bbf0f9b7e48aee1a0ed11afb82d"}
}
