TN:
SF:app.js
FN:17,(anonymous_0)
FNF:1
FNH:0
FNDA:0,(anonymous_0)
DA:1,3
DA:2,3
DA:3,3
DA:4,3
DA:5,3
DA:6,3
DA:7,3
DA:9,3
DA:14,3
DA:15,3
DA:16,3
DA:17,3
DA:18,0
DA:21,3
DA:24,3
DA:25,3
DA:31,3
DA:32,3
DA:33,3
DA:34,3
DA:35,3
DA:36,3
DA:38,3
DA:40,3
DA:41,3
DA:42,3
DA:43,3
DA:44,3
DA:45,3
DA:46,3
DA:49,3
DA:51,3
LF:32
LH:31
BRDA:24,0,0,3
BRDA:24,0,1,0
BRF:2
BRH:1
end_of_record
TN:
SF:multer.js
FN:5,(anonymous_0)
FN:8,(anonymous_1)
FNF:2
FNH:0
FNDA:0,(anonymous_0)
FNDA:0,(anonymous_1)
DA:1,3
DA:2,3
DA:4,3
DA:6,0
DA:9,0
DA:10,0
DA:11,0
DA:15,3
LF:8
LH:4
BRF:0
BRH:0
end_of_record
TN:
SF:controller/event.js
FN:15,(anonymous_0)
FN:23,(anonymous_1)
FN:43,(anonymous_2)
FN:58,(anonymous_3)
FN:75,(anonymous_4)
FN:81,(anonymous_5)
FN:85,(anonymous_6)
FN:113,(anonymous_7)
FNF:8
FNH:0
FNDA:0,(anonymous_0)
FNDA:0,(anonymous_1)
FNDA:0,(anonymous_2)
FNDA:0,(anonymous_3)
FNDA:0,(anonymous_4)
FNDA:0,(anonymous_5)
FNDA:0,(anonymous_6)
FNDA:0,(anonymous_7)
DA:1,3
DA:2,3
DA:3,3
DA:4,3
DA:5,3
DA:6,3
DA:7,3
DA:8,3
DA:9,3
DA:12,3
DA:16,0
DA:17,0
DA:18,0
DA:19,0
DA:20,0
DA:22,0
DA:23,0
DA:25,0
DA:26,0
DA:27,0
DA:29,0
DA:31,0
DA:37,0
DA:43,3
DA:44,0
DA:45,0
DA:46,0
DA:51,0
DA:56,3
DA:59,0
DA:60,0
DA:62,0
DA:67,0
DA:73,3
DA:76,0
DA:77,0
DA:79,0
DA:81,0
DA:82,0
DA:83,0
DA:85,0
DA:86,0
DA:87,0
DA:92,0
DA:94,0
DA:95,0
DA:98,0
DA:103,0
DA:109,3
DA:114,0
DA:115,0
DA:118,0
DA:123,0
DA:128,3
LF:54
LH:15
BRDA:19,0,0,0
BRDA:19,0,1,0
BRDA:86,1,0,0
BRDA:86,1,1,0
BRDA:94,2,0,0
BRDA:94,2,1,0
BRF:6
BRH:0
end_of_record
TN:
SF:controller/food.js
FN:16,(anonymous_0)
FN:24,(anonymous_1)
FN:46,(anonymous_2)
FN:64,(anonymous_3)
FN:70,(anonymous_4)
FN:74,(anonymous_5)
FN:100,(anonymous_6)
FN:118,(anonymous_7)
FN:132,(anonymous_8)
FN:136,(anonymous_9)
FN:147,(anonymous_10)
FN:176,(anonymous_11)
FNF:12
FNH:0
FNDA:0,(anonymous_0)
FNDA:0,(anonymous_1)
FNDA:0,(anonymous_2)
FNDA:0,(anonymous_3)
FNDA:0,(anonymous_4)
FNDA:0,(anonymous_5)
FNDA:0,(anonymous_6)
FNDA:0,(anonymous_7)
FNDA:0,(anonymous_8)
FNDA:0,(anonymous_9)
FNDA:0,(anonymous_10)
FNDA:0,(anonymous_11)
DA:1,3
DA:2,3
DA:3,3
DA:4,3
DA:5,3
DA:6,3
DA:7,3
DA:8,3
DA:9,3
DA:10,3
DA:13,3
DA:17,0
DA:18,0
DA:19,0
DA:20,0
DA:21,0
DA:23,0
DA:24,0
DA:26,0
DA:27,0
DA:28,0
DA:30,0
DA:32,0
DA:38,0
DA:44,3
DA:47,0
DA:48,0
DA:50,0
DA:55,0
DA:61,3
DA:65,0
DA:66,0
DA:68,0
DA:70,0
DA:71,0
DA:72,0
DA:74,0
DA:75,0
DA:76,0
DA:81,0
DA:83,0
DA:84,0
DA:87,0
DA:92,0
DA:98,3
DA:101,0
DA:102,0
DA:104,0
DA:109,0
DA:115,3
DA:119,0
DA:120,0
DA:122,0
DA:124,0
DA:131,0
DA:132,0
DA:135,0
DA:136,0
DA:137,0
DA:138,0
DA:142,0
DA:145,0
DA:147,0
DA:148,0
DA:151,0
DA:153,0
DA:155,0
DA:161,0
DA:166,0
DA:172,3
DA:177,0
DA:178,0
DA:181,0
DA:186,0
DA:190,3
LF:75
LH:17
BRDA:20,0,0,0
BRDA:20,0,1,0
BRDA:75,1,0,0
BRDA:75,1,1,0
BRDA:83,2,0,0
BRDA:83,2,1,0
BRDA:135,3,0,0
BRDA:135,3,1,0
BRDA:137,4,0,0
BRDA:137,4,1,0
BRF:10
BRH:0
end_of_record
TN:
SF:controller/order.js
FN:13,(anonymous_0)
FN:55,(anonymous_1)
FN:74,(anonymous_2)
FN:96,(anonymous_3)
FN:104,(anonymous_4)
FN:125,updateOrder
FN:134,updateSellerInfo
FN:150,(anonymous_7)
FN:177,(anonymous_8)
FN:195,(anonymous_9)
FN:200,updateOrder
FN:219,(anonymous_11)
FNF:12
FNH:0
FNDA:0,(anonymous_0)
FNDA:0,(anonymous_1)
FNDA:0,(anonymous_2)
FNDA:0,(anonymous_3)
FNDA:0,(anonymous_4)
FNDA:0,updateOrder
FNDA:0,updateSellerInfo
FNDA:0,(anonymous_7)
FNDA:0,(anonymous_8)
FNDA:0,(anonymous_9)
FNDA:0,updateOrder
FNDA:0,(anonymous_11)
DA:1,3
DA:2,3
DA:3,3
DA:4,3
DA:5,3
DA:6,3
DA:7,3
DA:8,3
DA:11,3
DA:14,0
DA:15,0
DA:18,0
DA:20,0
DA:21,0
DA:22,0
DA:23,0
DA:25,0
DA:29,0
DA:31,0
DA:32,0
DA:39,0
DA:42,0
DA:47,0
DA:53,3
DA:56,0
DA:57,0
DA:61,0
DA:66,0
DA:72,3
DA:75,0
DA:76,0
DA:82,0
DA:87,0
DA:93,3
DA:97,0
DA:98,0
DA:100,0
DA:101,0
DA:103,0
DA:104,0
DA:105,0
DA:109,0
DA:111,0
DA:112,0
DA:113,0
DA:114,0
DA:115,0
DA:118,0
DA:120,0
DA:126,0
DA:128,0
DA:129,0
DA:131,0
DA:135,0
DA:137,0
DA:139,0
DA:142,0
DA:148,3
DA:151,0
DA:152,0
DA:154,0
DA:155,0
DA:158,0
DA:160,0
DA:162,0
DA:168,0
DA:174,3
DA:178,0
DA:179,0
DA:181,0
DA:182,0
DA:185,0
DA:187,0
DA:189,0
DA:194,0
DA:195,0
DA:196,0
DA:201,0
DA:203,0
DA:204,0
DA:206,0
DA:209,0
DA:215,3
DA:220,0
DA:221,0
DA:225,0
DA:230,0
DA:235,3
LF:88
LH:16
BRDA:22,0,0,0
BRDA:22,0,1,0
BRDA:100,1,0,0
BRDA:100,1,1,0
BRDA:103,2,0,0
BRDA:103,2,1,0
BRDA:111,3,0,0
BRDA:111,3,1,0
BRDA:154,4,0,0
BRDA:154,4,1,0
BRDA:181,5,0,0
BRDA:181,5,1,0
BRDA:194,6,0,0
BRDA:194,6,1,0
BRF:14
BRH:0
end_of_record
TN:
SF:controller/payment.js
FN:9,(anonymous_0)
FN:26,(anonymous_1)
FNF:2
FNH:0
FNDA:0,(anonymous_0)
FNDA:0,(anonymous_1)
DA:1,3
DA:2,3
DA:3,3
DA:5,3
DA:7,3
DA:10,0
DA:17,0
DA:24,3
DA:27,0
DA:32,3
LF:10
LH:7
BRF:0
BRH:0
end_of_record
TN:
SF:controller/shop.js
FN:16,(anonymous_0)
FN:23,(anonymous_1)
FN:68,(anonymous_2)
FN:77,(anonymous_3)
FN:118,(anonymous_4)
FN:151,(anonymous_5)
FN:172,(anonymous_6)
FN:191,(anonymous_7)
FN:209,(anonymous_8)
FN:237,(anonymous_9)
FN:270,(anonymous_10)
FN:290,(anonymous_11)
FN:316,(anonymous_12)
FN:338,(anonymous_13)
FNF:14
FNH:1
FNDA:0,(anonymous_0)
FNDA:0,(anonymous_1)
FNDA:0,(anonymous_2)
FNDA:0,(anonymous_3)
FNDA:1,(anonymous_4)
FNDA:0,(anonymous_5)
FNDA:0,(anonymous_6)
FNDA:0,(anonymous_7)
FNDA:0,(anonymous_8)
FNDA:0,(anonymous_9)
FNDA:0,(anonymous_10)
FNDA:0,(anonymous_11)
FNDA:0,(anonymous_12)
FNDA:0,(anonymous_13)
DA:1,3
DA:2,3
DA:3,3
DA:4,3
DA:5,3
DA:6,3
DA:7,3
DA:8,3
DA:9,3
DA:10,3
DA:11,3
DA:12,3
DA:13,3
DA:16,3
DA:17,0
DA:18,0
DA:19,0
DA:20,0
DA:21,0
DA:22,0
DA:23,0
DA:24,0
DA:25,0
DA:26,0
DA:29,0
DA:32,0
DA:33,0
DA:35,0
DA:45,0
DA:47,0
DA:49,0
DA:50,0
DA:55,0
DA:60,0
DA:63,0
DA:68,3
DA:69,0
DA:75,3
DA:78,0
DA:79,0
DA:81,0
DA:86,0
DA:87,0
DA:90,0
DA:92,0
DA:94,0
DA:95,0
DA:98,0
DA:108,0
DA:110,0
DA:116,3
DA:119,1
DA:120,1
DA:122,1
DA:123,0
DA:126,1
DA:128,0
DA:129,0
DA:132,0
DA:134,0
DA:135,0
DA:140,0
DA:142,0
DA:148,3
DA:152,0
DA:153,0
DA:155,0
DA:156,0
DA:159,0
DA:164,0
DA:170,3
DA:173,0
DA:174,0
DA:178,0
DA:183,0
DA:189,3
DA:192,0
DA:193,0
DA:194,0
DA:199,0
DA:205,3
DA:210,0
DA:211,0
DA:213,0
DA:215,0
DA:217,0
DA:219,0
DA:223,0
DA:228,0
DA:234,3
DA:238,0
DA:239,0
DA:241,0
DA:243,0
DA:244,0
DA:247,0
DA:248,0
DA:249,0
DA:250,0
DA:251,0
DA:253,0
DA:255,0
DA:260,0
DA:266,3
DA:271,0
DA:272,0
DA:275,0
DA:280,0
DA:286,3
DA:291,0
DA:292,0
DA:294,0
DA:295,0
DA:300,0
DA:302,0
DA:307,0
DA:313,3
DA:317,0
DA:318,0
DA:320,0
DA:324,0
DA:329,0
DA:335,3
DA:339,0
DA:340,0
DA:342,0
DA:343,0
DA:346,0
DA:348,0
DA:350,0
DA:355,0
DA:360,3
LF:132
LH:31
BRDA:20,0,0,0
BRDA:20,0,1,0
BRDA:24,1,0,0
BRDA:24,1,1,0
BRDA:86,2,0,0
BRDA:86,2,1,0
BRDA:94,3,0,0
BRDA:94,3,1,0
BRDA:122,4,0,0
BRDA:122,4,1,1
BRDA:122,5,0,1
BRDA:122,5,1,1
BRDA:128,6,0,0
BRDA:128,6,1,0
BRDA:134,7,0,0
BRDA:134,7,1,0
BRDA:155,8,0,0
BRDA:155,8,1,0
BRDA:243,9,0,0
BRDA:243,9,1,0
BRDA:294,10,0,0
BRDA:294,10,1,0
BRDA:342,11,0,0
BRDA:342,11,1,0
BRF:24
BRH:3
end_of_record
TN:
SF:controller/user.js
FN:14,(anonymous_0)
FN:22,(anonymous_1)
FN:64,(anonymous_2)
FN:73,(anonymous_3)
FN:109,(anonymous_4)
FN:142,(anonymous_5)
FN:163,(anonymous_6)
FN:183,(anonymous_7)
FN:222,(anonymous_8)
FN:250,(anonymous_9)
FN:255,(anonymous_10)
FN:264,(anonymous_11)
FN:290,(anonymous_12)
FN:317,(anonymous_13)
FN:351,(anonymous_14)
FN:370,(anonymous_15)
FN:390,(anonymous_16)
FNF:17
FNH:0
FNDA:0,(anonymous_0)
FNDA:0,(anonymous_1)
FNDA:0,(anonymous_2)
FNDA:0,(anonymous_3)
FNDA:0,(anonymous_4)
FNDA:0,(anonymous_5)
FNDA:0,(anonymous_6)
FNDA:0,(anonymous_7)
FNDA:0,(anonymous_8)
FNDA:0,(anonymous_9)
FNDA:0,(anonymous_10)
FNDA:0,(anonymous_11)
FNDA:0,(anonymous_12)
FNDA:0,(anonymous_13)
FNDA:0,(anonymous_14)
FNDA:0,(anonymous_15)
FNDA:0,(anonymous_16)
DA:1,3
DA:2,3
DA:3,3
DA:4,3
DA:5,3
DA:6,3
DA:7,3
DA:8,3
DA:9,3
DA:10,3
DA:11,3
DA:12,3
DA:14,3
DA:15,0
DA:16,0
DA:17,0
DA:19,0
DA:20,0
DA:21,0
DA:22,0
DA:23,0
DA:24,0
DA:25,0
DA:28,0
DA:31,0
DA:32,0
DA:34,0
DA:41,0
DA:43,0
DA:45,0
DA:46,0
DA:51,0
DA:56,0
DA:59,0
DA:64,3
DA:65,0
DA:71,3
DA:74,0
DA:75,0
DA:77,0
DA:82,0
DA:83,0
DA:85,0
DA:87,0
DA:89,0
DA:90,0
DA:92,0
DA:99,0
DA:101,0
DA:107,3
DA:110,0
DA:111,0
DA:113,0
DA:114,0
DA:117,0
DA:119,0
DA:120,0
DA:123,0
DA:125,0
DA:126,0
DA:131,0
DA:133,0
DA:139,3
DA:143,0
DA:144,0
DA:146,0
DA:147,0
DA:150,0
DA:155,0
DA:161,3
DA:164,0
DA:165,0
DA:169,0
DA:174,0
DA:180,3
DA:184,0
DA:185,0
DA:187,0
DA:189,0
DA:190,0
DA:193,0
DA:195,0
DA:196,0
DA:201,0
DA:202,0
DA:203,0
DA:205,0
DA:207,0
DA:212,0
DA:218,3
DA:223,0
DA:224,0
DA:226,0
DA:228,0
DA:230,0
DA:232,0
DA:236,0
DA:241,0
DA:247,3
DA:251,0
DA:252,0
DA:254,0
DA:255,0
DA:257,0
DA:258,0
DA:263,0
DA:264,0
DA:267,0
DA:268,0
DA:271,0
DA:274,0
DA:276,0
DA:281,0
DA:287,3
DA:291,0
DA:292,0
DA:293,0
DA:295,0
DA:297,0
DA:304,0
DA:306,0
DA:308,0
DA:314,3
DA:318,0
DA:319,0
DA:321,0
DA:325,0
DA:326,0
DA:329,0
DA:330,0
DA:334,0
DA:336,0
DA:338,0
DA:343,0
DA:349,3
DA:352,0
DA:353,0
DA:355,0
DA:360,0
DA:366,3
DA:371,0
DA:372,0
DA:375,0
DA:380,0
DA:386,3
DA:391,0
DA:392,0
DA:394,0
DA:395,0
DA:400,0
DA:402,0
DA:407,0
DA:412,3
LF:153
LH:27
BRDA:19,0,0,0
BRDA:19,0,1,0
BRDA:23,1,0,0
BRDA:23,1,1,0
BRDA:82,2,0,0
BRDA:82,2,1,0
BRDA:89,3,0,0
BRDA:89,3,1,0
BRDA:113,4,0,0
BRDA:113,4,1,0
BRDA:113,5,0,0
BRDA:113,5,1,0
BRDA:119,6,0,0
BRDA:119,6,1,0
BRDA:125,7,0,0
BRDA:125,7,1,0
BRDA:146,8,0,0
BRDA:146,8,1,0
BRDA:189,9,0,0
BRDA:189,9,1,0
BRDA:195,10,0,0
BRDA:195,10,1,0
BRDA:257,11,0,0
BRDA:257,11,1,0
BRDA:267,12,0,0
BRDA:267,12,1,0
BRDA:325,13,0,0
BRDA:325,13,1,0
BRDA:329,14,0,0
BRDA:329,14,1,0
BRDA:394,15,0,0
BRDA:394,15,1,0
BRF:32
BRH:0
end_of_record
TN:
SF:controller/withdraw.js
FN:14,(anonymous_0)
FN:60,(anonymous_1)
FN:79,(anonymous_2)
FNF:3
FNH:0
FNDA:0,(anonymous_0)
FNDA:0,(anonymous_1)
FNDA:0,(anonymous_2)
DA:1,3
DA:2,3
DA:3,3
DA:4,3
DA:5,3
DA:6,3
DA:7,3
DA:8,3
DA:11,3
DA:15,0
DA:16,0
DA:18,0
DA:23,0
DA:24,0
DA:29,0
DA:33,0
DA:36,0
DA:38,0
DA:40,0
DA:42,0
DA:44,0
DA:49,0
DA:56,3
DA:61,0
DA:62,0
DA:64,0
DA:69,0
DA:75,3
DA:80,0
DA:81,0
DA:83,0
DA:92,0
DA:94,0
DA:101,0
DA:103,0
DA:105,0
DA:106,0
DA:112,0
DA:114,0
DA:119,0
DA:124,3
LF:41
LH:12
BRF:0
BRH:0
end_of_record
TN:
SF:middleware/auth.js
FN:7,(anonymous_0)
FN:22,(anonymous_1)
FN:36,(anonymous_2)
FN:37,(anonymous_3)
FNF:4
FNH:1
FNDA:0,(anonymous_0)
FNDA:0,(anonymous_1)
FNDA:27,(anonymous_2)
FNDA:0,(anonymous_3)
DA:1,3
DA:2,3
DA:3,3
DA:4,3
DA:5,3
DA:7,3
DA:8,0
DA:10,0
DA:11,0
DA:14,0
DA:16,0
DA:18,0
DA:22,3
DA:23,0
DA:24,0
DA:25,0
DA:28,0
DA:30,0
DA:32,0
DA:36,3
DA:37,27
DA:38,0
DA:39,0
DA:41,0
LF:24
LH:9
BRDA:10,0,0,0
BRDA:10,0,1,0
BRDA:24,1,0,0
BRDA:24,1,1,0
BRDA:38,2,0,0
BRDA:38,2,1,0
BRF:6
BRH:0
end_of_record
TN:
SF:middleware/catchAsyncErrors.js
FN:1,(anonymous_0)
FN:1,(anonymous_1)
FNF:2
FNH:2
FNDA:141,(anonymous_0)
FNDA:1,(anonymous_1)
DA:1,141
DA:2,1
LF:2
LH:2
BRF:0
BRH:0
end_of_record
TN:
SF:middleware/error.js
FN:3,(anonymous_0)
FNF:1
FNH:0
FNDA:0,(anonymous_0)
DA:1,3
DA:3,3
DA:4,0
DA:5,0
DA:8,0
DA:9,0
DA:10,0
DA:14,0
DA:15,0
DA:16,0
DA:20,0
DA:21,0
DA:22,0
DA:26,0
DA:27,0
DA:28,0
DA:31,0
LF:17
LH:2
BRDA:4,0,0,0
BRDA:4,0,1,0
BRDA:5,1,0,0
BRDA:5,1,1,0
BRDA:8,2,0,0
BRDA:8,2,1,0
BRDA:14,3,0,0
BRDA:14,3,1,0
BRDA:20,4,0,0
BRDA:20,4,1,0
BRDA:26,5,0,0
BRDA:26,5,1,0
BRF:12
BRH:0
end_of_record
TN:
SF:model/event.js
FNF:0
FNH:0
DA:1,3
DA:3,3
DA:65,3
LF:3
LH:3
BRF:0
BRH:0
end_of_record
TN:
SF:model/food.js
FNF:0
FNH:0
DA:1,3
DA:3,3
DA:76,3
LF:3
LH:3
BRF:0
BRH:0
end_of_record
TN:
SF:model/order.js
FNF:0
FNH:0
DA:1,3
DA:3,3
DA:48,3
LF:3
LH:3
BRF:0
BRH:0
end_of_record
TN:
SF:model/shop.js
FN:78,(anonymous_0)
FN:86,(anonymous_1)
FN:93,(anonymous_2)
FNF:3
FNH:0
FNDA:0,(anonymous_0)
FNDA:0,(anonymous_1)
FNDA:0,(anonymous_2)
DA:1,3
DA:2,3
DA:3,3
DA:5,3
DA:78,3
DA:79,0
DA:80,0
DA:82,0
DA:86,3
DA:87,0
DA:93,3
DA:94,0
DA:97,3
LF:13
LH:8
BRDA:79,0,0,0
BRDA:79,0,1,0
BRF:2
BRH:0
end_of_record
TN:
SF:model/user.js
FN:63,(anonymous_0)
FN:72,(anonymous_1)
FN:79,(anonymous_2)
FNF:3
FNH:0
FNDA:0,(anonymous_0)
FNDA:0,(anonymous_1)
FNDA:0,(anonymous_2)
DA:1,3
DA:2,3
DA:3,3
DA:5,3
DA:63,3
DA:64,0
DA:65,0
DA:68,0
DA:72,3
DA:73,0
DA:79,3
DA:80,0
DA:83,3
LF:13
LH:8
BRDA:64,0,0,0
BRDA:64,0,1,0
BRF:2
BRH:0
end_of_record
TN:
SF:model/withdraw.js
FNF:0
FNH:0
DA:1,3
DA:3,3
DA:25,3
LF:3
LH:3
BRF:0
BRH:0
end_of_record
TN:
SF:utils/ErrorHandler.js
FN:2,(anonymous_0)
FNF:1
FNH:0
FNDA:0,(anonymous_0)
DA:3,0
DA:4,0
DA:6,0
DA:11,3
LF:4
LH:1
BRF:0
BRH:0
end_of_record
TN:
SF:utils/jwtToken.js
FN:2,(anonymous_0)
FNF:1
FNH:0
FNDA:0,(anonymous_0)
DA:2,3
DA:3,0
DA:6,0
DA:13,0
DA:20,3
LF:5
LH:2
BRF:0
BRH:0
end_of_record
TN:
SF:utils/sendMail.js
FN:3,(anonymous_0)
FNF:1
FNH:0
FNDA:0,(anonymous_0)
DA:1,3
DA:3,3
DA:4,0
DA:14,0
DA:21,0
DA:24,3
LF:6
LH:3
BRF:0
BRH:0
end_of_record
TN:
SF:utils/shopToken.js
FN:2,(anonymous_0)
FNF:1
FNH:0
FNDA:0,(anonymous_0)
DA:2,3
DA:3,0
DA:6,0
DA:13,0
DA:20,3
LF:5
LH:2
BRF:0
BRH:0
end_of_record
